# JRE version: OpenJDK Runtime Environment Temurin-21.0.8+9 (21.0.8+9) (build 21.0.8+9-LTS)
# Java VM: OpenJDK 64-Bit Server VM Temurin-21.0.8+9 (21.0.8+9-LTS, mixed mode, sharing, tiered, compressed oops, compressed class ptrs, g1 gc, windows-amd64)
GC Precious Log:
 CardTable entry size: 512
 Card Set container configuration: InlinePtr #cards 5 size 8 Array Of Cards #cards 12 size 40 Howl #buckets 4 coarsen threshold 1843 Howl Bitmap #cards 512 size 80 coarsen threshold 460 Card regions per heap region 1 cards per card region 2048
 CPUs: 4 total, 4 available
 Memory: 6094M
 Large Page Support: Disabled
 NUMA Support: Disabled
 Compressed Oops: Enabled (32-bit)
 Heap Region Size: 1M
 Heap Min Capacity: 8M
 Heap Initial Capacity: 96M
 Heap Max Capacity: 1524M
 Pre-touch: Disabled
 Parallel Workers: 4
 Concurrent Workers: 1
 Concurrent Refinement Workers: 4
 Periodic GC: Disabled
Heap:
 garbage-first heap   total 65536K, used 34110K [0x00000000a0c00000, 0x0000000100000000)
  region size 1024K, 10 young (10240K), 4 survivors (4096K)
 Metaspace       used 46160K, committed 46656K, reserved 1114112K
  class space    used 5937K, committed 6144K, reserved 1048576K
GC Heap History (18 events):
Event: 0.843 GC heap before
{Heap before GC invocations=0 (full 0):
 garbage-first heap   total 98304K, used 16384K [0x00000000a0c00000, 0x0000000100000000)
  region size 1024K, 13 young (13312K), 0 survivors (0K)
 Metaspace       used 2386K, committed 2496K, reserved 1114112K
  class space    used 209K, committed 256K, reserved 1048576K
}
Event: 0.858 GC heap after
{Heap after GC invocations=1 (full 0):
 garbage-first heap   total 98304K, used 10624K [0x00000000a0c00000, 0x0000000100000000)
  region size 1024K, 2 young (2048K), 2 survivors (2048K)
 Metaspace       used 2386K, committed 2496K, reserved 1114112K
  class space    used 209K, committed 256K, reserved 1048576K
}
Event: 1.574 GC heap before
{Heap before GC invocations=1 (full 0):
 garbage-first heap   total 98304K, used 19840K [0x00000000a0c00000, 0x0000000100000000)
  region size 1024K, 11 young (11264K), 2 survivors (2048K)
 Metaspace       used 4691K, committed 4864K, reserved 1114112K
  class space    used 523K, committed 640K, reserved 1048576K
}
Event: 1.580 GC heap after
{Heap after GC invocations=2 (full 0):
 garbage-first heap   total 98304K, used 11245K [0x00000000a0c00000, 0x0000000100000000)
  region size 1024K, 1 young (1024K), 1 survivors (1024K)
 Metaspace       used 4691K, committed 4864K, reserved 1114112K
  class space    used 523K, committed 640K, reserved 1048576K
}
Event: 3.493 GC heap before
{Heap before GC invocations=2 (full 0):
 garbage-first heap   total 98304K, used 38893K [0x00000000a0c00000, 0x0000000100000000)
  region size 1024K, 29 young (29696K), 1 survivors (1024K)
 Metaspace       used 12562K, committed 12800K, reserved 1114112K
  class space    used 1488K, committed 1600K, reserved 1048576K
}
Event: 3.503 GC heap after
{Heap after GC invocations=3 (full 0):
 garbage-first heap   total 98304K, used 13129K [0x00000000a0c00000, 0x0000000100000000)
  region size 1024K, 3 young (3072K), 3 survivors (3072K)
 Metaspace       used 12562K, committed 12800K, reserved 1114112K
  class space    used 1488K, committed 1600K, reserved 1048576K
}
Event: 37.017 GC heap before
{Heap before GC invocations=3 (full 0):
 garbage-first heap   total 98304K, used 60233K [0x00000000a0c00000, 0x0000000100000000)
  region size 1024K, 50 young (51200K), 3 survivors (3072K)
 Metaspace       used 21130K, committed 21504K, reserved 1114112K
  class space    used 2617K, committed 2752K, reserved 1048576K
}
Event: 37.048 GC heap after
{Heap after GC invocations=4 (full 0):
 garbage-first heap   total 98304K, used 18567K [0x00000000a0c00000, 0x0000000100000000)
  region size 1024K, 8 young (8192K), 8 survivors (8192K)
 Metaspace       used 21130K, committed 21504K, reserved 1114112K
  class space    used 2617K, committed 2752K, reserved 1048576K
}
Event: 40.321 GC heap before
{Heap before GC invocations=5 (full 0):
 garbage-first heap   total 65536K, used 48263K [0x00000000a0c00000, 0x0000000100000000)
  region size 1024K, 38 young (38912K), 8 survivors (8192K)
 Metaspace       used 28900K, committed 29312K, reserved 1114112K
  class space    used 3707K, committed 3904K, reserved 1048576K
}
Event: 40.344 GC heap after
{Heap after GC invocations=6 (full 0):
 garbage-first heap   total 65536K, used 20949K [0x00000000a0c00000, 0x0000000100000000)
  region size 1024K, 3 young (3072K), 3 survivors (3072K)
 Metaspace       used 28900K, committed 29312K, reserved 1114112K
  class space    used 3707K, committed 3904K, reserved 1048576K
}
Event: 42.244 GC heap before
{Heap before GC invocations=6 (full 0):
 garbage-first heap   total 65536K, used 45525K [0x00000000a0c00000, 0x0000000100000000)
  region size 1024K, 29 young (29696K), 3 survivors (3072K)
 Metaspace       used 35574K, committed 35968K, reserved 1114112K
  class space    used 4531K, committed 4736K, reserved 1048576K
}
Event: 42.256 GC heap after
{Heap after GC invocations=7 (full 0):
 garbage-first heap   total 65536K, used 23552K [0x00000000a0c00000, 0x0000000100000000)
  region size 1024K, 3 young (3072K), 3 survivors (3072K)
 Metaspace       used 35574K, committed 35968K, reserved 1114112K
  class space    used 4531K, committed 4736K, reserved 1048576K
}
Event: 42.679 GC heap before
{Heap before GC invocations=7 (full 0):
 garbage-first heap   total 65536K, used 26624K [0x00000000a0c00000, 0x0000000100000000)
  region size 1024K, 7 young (7168K), 3 survivors (3072K)
 Metaspace       used 35913K, committed 36288K, reserved 1114112K
  class space    used 4577K, committed 4736K, reserved 1048576K
}
Event: 42.690 GC heap after
{Heap after GC invocations=8 (full 0):
 garbage-first heap   total 65536K, used 23988K [0x00000000a0c00000, 0x0000000100000000)
  region size 1024K, 1 young (1024K), 1 survivors (1024K)
 Metaspace       used 35913K, committed 36288K, reserved 1114112K
  class space    used 4577K, committed 4736K, reserved 1048576K
}
Event: 45.585 GC heap before
{Heap before GC invocations=9 (full 0):
 garbage-first heap   total 65536K, used 52660K [0x00000000a0c00000, 0x0000000100000000)
  region size 1024K, 30 young (30720K), 1 survivors (1024K)
 Metaspace       used 39559K, committed 39936K, reserved 1114112K
  class space    used 5020K, committed 5184K, reserved 1048576K
}
Event: 45.594 GC heap after
{Heap after GC invocations=10 (full 0):
 garbage-first heap   total 65536K, used 26034K [0x00000000a0c00000, 0x0000000100000000)
  region size 1024K, 3 young (3072K), 3 survivors (3072K)
 Metaspace       used 39559K, committed 39936K, reserved 1114112K
  class space    used 5020K, committed 5184K, reserved 1048576K
}
Event: 50.235 GC heap before
{Heap before GC invocations=10 (full 0):
 garbage-first heap   total 65536K, used 53682K [0x00000000a0c00000, 0x0000000100000000)
  region size 1024K, 31 young (31744K), 3 survivors (3072K)
 Metaspace       used 45158K, committed 45696K, reserved 1114112K
  class space    used 5798K, committed 6016K, reserved 1048576K
}
Event: 50.246 GC heap after
{Heap after GC invocations=11 (full 0):
 garbage-first heap   total 65536K, used 28990K [0x00000000a0c00000, 0x0000000100000000)
  region size 1024K, 4 young (4096K), 4 survivors (4096K)
 Metaspace       used 45158K, committed 45696K, reserved 1114112K
  class space    used 5798K, committed 6016K, reserved 1048576K
}

