# JRE version: OpenJDK Runtime Environment Temurin-21.0.8+9 (21.0.8+9) (build 21.0.8+9-LTS)
# Java VM: OpenJDK 64-Bit Server VM Temurin-21.0.8+9 (21.0.8+9-LTS, mixed mode, sharing, tiered, compressed oops, compressed class ptrs, parallel gc, windows-amd64)
GC Precious Log:
 CardTable entry size: 512
 CPUs: 4 total, 4 available
 Memory: 6094M
 Large Page Support: Disabled
 NUMA Support: Disabled
 Compressed Oops: Enabled (32-bit)
 Alignments: Space 512K, Generation 512K, Heap 2M
 Heap Min Capacity: 100M
 Heap Initial Capacity: 100M
 Heap Max Capacity: 2G
 Pre-touch: Disabled
 Parallel Workers: 4
Heap:
 PSYoungGen      total 33280K, used 28317K [0x00000000d5580000, 0x00000000d8700000, 0x0000000100000000)
  eden space 27648K, 82% used [0x00000000d5580000,0x00000000d6bac7d8,0x00000000d7080000)
  from space 5632K, 99% used [0x00000000d7a00000,0x00000000d7f7b000,0x00000000d7f80000)
  to   space 9728K, 0% used [0x00000000d7080000,0x00000000d7080000,0x00000000d7a00000)
 ParOldGen       total 728576K, used 728235K [0x0000000080000000, 0x00000000ac780000, 0x00000000d5580000)
  object space 728576K, 99% used [0x0000000080000000,0x00000000ac72af08,0x00000000ac780000)
 Metaspace       used 65637K, committed 67136K, reserved 1114112K
  class space    used 6946K, committed 7552K, reserved 1048576K
GC Heap History (20 events):
Event: 113.141 GC heap before
{Heap before GC invocations=629 (full 4):
 PSYoungGen      total 25088K, used 25088K [0x00000000d5580000, 0x00000000d7980000, 0x0000000100000000)
  eden space 24576K, 100% used [0x00000000d5580000,0x00000000d6d80000,0x00000000d6d80000)
  from space 512K, 100% used [0x00000000d7900000,0x00000000d7980000,0x00000000d7980000)
  to   space 1024K, 0% used [0x00000000d7780000,0x00000000d7780000,0x00000000d7880000)
 ParOldGen       total 715776K, used 715743K [0x0000000080000000, 0x00000000abb00000, 0x00000000d5580000)
  object space 715776K, 99% used [0x0000000080000000,0x00000000abaf7d88,0x00000000abb00000)
 Metaspace       used 63744K, committed 65280K, reserved 1114112K
  class space    used 6730K, committed 7360K, reserved 1048576K
}
Event: 113.154 GC heap after
{Heap after GC invocations=629 (full 4):
 PSYoungGen      total 28672K, used 512K [0x00000000d5580000, 0x00000000d7980000, 0x0000000100000000)
  eden space 27648K, 0% used [0x00000000d5580000,0x00000000d5580000,0x00000000d7080000)
  from space 1024K, 50% used [0x00000000d7780000,0x00000000d7800000,0x00000000d7880000)
  to   space 1024K, 0% used [0x00000000d7880000,0x00000000d7880000,0x00000000d7980000)
 ParOldGen       total 716288K, used 716223K [0x0000000080000000, 0x00000000abb80000, 0x00000000d5580000)
  object space 716288K, 99% used [0x0000000080000000,0x00000000abb6fd88,0x00000000abb80000)
 Metaspace       used 63744K, committed 65280K, reserved 1114112K
  class space    used 6730K, committed 7360K, reserved 1048576K
}
Event: 113.204 GC heap before
{Heap before GC invocations=630 (full 4):
 PSYoungGen      total 28672K, used 28160K [0x00000000d5580000, 0x00000000d7980000, 0x0000000100000000)
  eden space 27648K, 100% used [0x00000000d5580000,0x00000000d7080000,0x00000000d7080000)
  from space 1024K, 50% used [0x00000000d7780000,0x00000000d7800000,0x00000000d7880000)
  to   space 1024K, 0% used [0x00000000d7880000,0x00000000d7880000,0x00000000d7980000)
 ParOldGen       total 716288K, used 716223K [0x0000000080000000, 0x00000000abb80000, 0x00000000d5580000)
  object space 716288K, 99% used [0x0000000080000000,0x00000000abb6fd88,0x00000000abb80000)
 Metaspace       used 63744K, committed 65280K, reserved 1114112K
  class space    used 6730K, committed 7360K, reserved 1048576K
}
Event: 113.209 GC heap after
{Heap after GC invocations=630 (full 4):
 PSYoungGen      total 32256K, used 576K [0x00000000d5580000, 0x00000000d7980000, 0x0000000100000000)
  eden space 31232K, 0% used [0x00000000d5580000,0x00000000d5580000,0x00000000d7400000)
  from space 1024K, 56% used [0x00000000d7880000,0x00000000d7910000,0x00000000d7980000)
  to   space 1024K, 0% used [0x00000000d7780000,0x00000000d7780000,0x00000000d7880000)
 ParOldGen       total 716800K, used 716684K [0x0000000080000000, 0x00000000abc00000, 0x00000000d5580000)
  object space 716800K, 99% used [0x0000000080000000,0x00000000abbe30e0,0x00000000abc00000)
 Metaspace       used 63744K, committed 65280K, reserved 1114112K
  class space    used 6730K, committed 7360K, reserved 1048576K
}
Event: 113.288 GC heap before
{Heap before GC invocations=631 (full 4):
 PSYoungGen      total 32256K, used 31808K [0x00000000d5580000, 0x00000000d7980000, 0x0000000100000000)
  eden space 31232K, 100% used [0x00000000d5580000,0x00000000d7400000,0x00000000d7400000)
  from space 1024K, 56% used [0x00000000d7880000,0x00000000d7910000,0x00000000d7980000)
  to   space 1024K, 0% used [0x00000000d7780000,0x00000000d7780000,0x00000000d7880000)
 ParOldGen       total 716800K, used 716684K [0x0000000080000000, 0x00000000abc00000, 0x00000000d5580000)
  object space 716800K, 99% used [0x0000000080000000,0x00000000abbe30e0,0x00000000abc00000)
 Metaspace       used 63744K, committed 65280K, reserved 1114112K
  class space    used 6730K, committed 7360K, reserved 1048576K
}
Event: 113.294 GC heap after
{Heap after GC invocations=631 (full 4):
 PSYoungGen      total 31744K, used 608K [0x00000000d5580000, 0x00000000d7900000, 0x0000000100000000)
  eden space 30720K, 0% used [0x00000000d5580000,0x00000000d5580000,0x00000000d7380000)
  from space 1024K, 59% used [0x00000000d7780000,0x00000000d7818000,0x00000000d7880000)
  to   space 512K, 0% used [0x00000000d7880000,0x00000000d7880000,0x00000000d7900000)
 ParOldGen       total 719360K, used 718774K [0x0000000080000000, 0x00000000abe80000, 0x00000000d5580000)
  object space 719360K, 99% used [0x0000000080000000,0x00000000abdeda48,0x00000000abe80000)
 Metaspace       used 63744K, committed 65280K, reserved 1114112K
  class space    used 6730K, committed 7360K, reserved 1048576K
}
Event: 113.353 GC heap before
{Heap before GC invocations=632 (full 4):
 PSYoungGen      total 31744K, used 31328K [0x00000000d5580000, 0x00000000d7900000, 0x0000000100000000)
  eden space 30720K, 100% used [0x00000000d5580000,0x00000000d7380000,0x00000000d7380000)
  from space 1024K, 59% used [0x00000000d7780000,0x00000000d7818000,0x00000000d7880000)
  to   space 512K, 0% used [0x00000000d7880000,0x00000000d7880000,0x00000000d7900000)
 ParOldGen       total 719360K, used 718774K [0x0000000080000000, 0x00000000abe80000, 0x00000000d5580000)
  object space 719360K, 99% used [0x0000000080000000,0x00000000abdeda48,0x00000000abe80000)
 Metaspace       used 63744K, committed 65280K, reserved 1114112K
  class space    used 6730K, committed 7360K, reserved 1048576K
}
Event: 113.357 GC heap after
{Heap after GC invocations=632 (full 4):
 PSYoungGen      total 30720K, used 512K [0x00000000d5580000, 0x00000000d7900000, 0x0000000100000000)
  eden space 30208K, 0% used [0x00000000d5580000,0x00000000d5580000,0x00000000d7300000)
  from space 512K, 100% used [0x00000000d7880000,0x00000000d7900000,0x00000000d7900000)
  to   space 1536K, 0% used [0x00000000d7600000,0x00000000d7600000,0x00000000d7780000)
 ParOldGen       total 719872K, used 719363K [0x0000000080000000, 0x00000000abf00000, 0x00000000d5580000)
  object space 719872K, 99% used [0x0000000080000000,0x00000000abe80da0,0x00000000abf00000)
 Metaspace       used 63744K, committed 65280K, reserved 1114112K
  class space    used 6730K, committed 7360K, reserved 1048576K
}
Event: 113.453 GC heap before
{Heap before GC invocations=633 (full 4):
 PSYoungGen      total 30720K, used 30720K [0x00000000d5580000, 0x00000000d7900000, 0x0000000100000000)
  eden space 30208K, 100% used [0x00000000d5580000,0x00000000d7300000,0x00000000d7300000)
  from space 512K, 100% used [0x00000000d7880000,0x00000000d7900000,0x00000000d7900000)
  to   space 1536K, 0% used [0x00000000d7600000,0x00000000d7600000,0x00000000d7780000)
 ParOldGen       total 719872K, used 719363K [0x0000000080000000, 0x00000000abf00000, 0x00000000d5580000)
  object space 719872K, 99% used [0x0000000080000000,0x00000000abe80da0,0x00000000abf00000)
 Metaspace       used 63747K, committed 65280K, reserved 1114112K
  class space    used 6730K, committed 7360K, reserved 1048576K
}
Event: 113.459 GC heap after
{Heap after GC invocations=633 (full 4):
 PSYoungGen      total 31232K, used 544K [0x00000000d5580000, 0x00000000d7900000, 0x0000000100000000)
  eden space 29696K, 0% used [0x00000000d5580000,0x00000000d5580000,0x00000000d7280000)
  from space 1536K, 35% used [0x00000000d7600000,0x00000000d7688000,0x00000000d7780000)
  to   space 1024K, 0% used [0x00000000d7800000,0x00000000d7800000,0x00000000d7900000)
 ParOldGen       total 719872K, used 719871K [0x0000000080000000, 0x00000000abf00000, 0x00000000d5580000)
  object space 719872K, 99% used [0x0000000080000000,0x00000000abeffef0,0x00000000abf00000)
 Metaspace       used 63747K, committed 65280K, reserved 1114112K
  class space    used 6730K, committed 7360K, reserved 1048576K
}
Event: 113.522 GC heap before
{Heap before GC invocations=634 (full 4):
 PSYoungGen      total 31232K, used 30240K [0x00000000d5580000, 0x00000000d7900000, 0x0000000100000000)
  eden space 29696K, 100% used [0x00000000d5580000,0x00000000d7280000,0x00000000d7280000)
  from space 1536K, 35% used [0x00000000d7600000,0x00000000d7688000,0x00000000d7780000)
  to   space 1024K, 0% used [0x00000000d7800000,0x00000000d7800000,0x00000000d7900000)
 ParOldGen       total 719872K, used 719871K [0x0000000080000000, 0x00000000abf00000, 0x00000000d5580000)
  object space 719872K, 99% used [0x0000000080000000,0x00000000abeffef0,0x00000000abf00000)
 Metaspace       used 63747K, committed 65280K, reserved 1114112K
  class space    used 6730K, committed 7360K, reserved 1048576K
}
Event: 113.529 GC heap after
{Heap after GC invocations=634 (full 4):
 PSYoungGen      total 30208K, used 640K [0x00000000d5580000, 0x00000000d7900000, 0x0000000100000000)
  eden space 29184K, 0% used [0x00000000d5580000,0x00000000d5580000,0x00000000d7200000)
  from space 1024K, 62% used [0x00000000d7800000,0x00000000d78a0000,0x00000000d7900000)
  to   space 1024K, 0% used [0x00000000d7700000,0x00000000d7700000,0x00000000d7800000)
 ParOldGen       total 720896K, used 720407K [0x0000000080000000, 0x00000000ac000000, 0x00000000d5580000)
  object space 720896K, 99% used [0x0000000080000000,0x00000000abf85ef0,0x00000000ac000000)
 Metaspace       used 63747K, committed 65280K, reserved 1114112K
  class space    used 6730K, committed 7360K, reserved 1048576K
}
Event: 113.585 GC heap before
{Heap before GC invocations=635 (full 4):
 PSYoungGen      total 30208K, used 29824K [0x00000000d5580000, 0x00000000d7900000, 0x0000000100000000)
  eden space 29184K, 100% used [0x00000000d5580000,0x00000000d7200000,0x00000000d7200000)
  from space 1024K, 62% used [0x00000000d7800000,0x00000000d78a0000,0x00000000d7900000)
  to   space 1024K, 0% used [0x00000000d7700000,0x00000000d7700000,0x00000000d7800000)
 ParOldGen       total 720896K, used 720407K [0x0000000080000000, 0x00000000ac000000, 0x00000000d5580000)
  object space 720896K, 99% used [0x0000000080000000,0x00000000abf85ef0,0x00000000ac000000)
 Metaspace       used 63747K, committed 65280K, reserved 1114112K
  class space    used 6730K, committed 7360K, reserved 1048576K
}
Event: 113.589 GC heap after
{Heap after GC invocations=635 (full 4):
 PSYoungGen      total 29696K, used 704K [0x00000000d5580000, 0x00000000d7880000, 0x0000000100000000)
  eden space 28672K, 0% used [0x00000000d5580000,0x00000000d5580000,0x00000000d7180000)
  from space 1024K, 68% used [0x00000000d7700000,0x00000000d77b0000,0x00000000d7800000)
  to   space 512K, 0% used [0x00000000d7800000,0x00000000d7800000,0x00000000d7880000)
 ParOldGen       total 721408K, used 720988K [0x0000000080000000, 0x00000000ac080000, 0x00000000d5580000)
  object space 721408K, 99% used [0x0000000080000000,0x00000000ac017388,0x00000000ac080000)
 Metaspace       used 63747K, committed 65280K, reserved 1114112K
  class space    used 6730K, committed 7360K, reserved 1048576K
}
Event: 113.607 GC heap before
{Heap before GC invocations=636 (full 4):
 PSYoungGen      total 29696K, used 29376K [0x00000000d5580000, 0x00000000d7880000, 0x0000000100000000)
  eden space 28672K, 100% used [0x00000000d5580000,0x00000000d7180000,0x00000000d7180000)
  from space 1024K, 68% used [0x00000000d7700000,0x00000000d77b0000,0x00000000d7800000)
  to   space 512K, 0% used [0x00000000d7800000,0x00000000d7800000,0x00000000d7880000)
 ParOldGen       total 721408K, used 720988K [0x0000000080000000, 0x00000000ac080000, 0x00000000d5580000)
  object space 721408K, 99% used [0x0000000080000000,0x00000000ac017388,0x00000000ac080000)
 Metaspace       used 63747K, committed 65280K, reserved 1114112K
  class space    used 6730K, committed 7360K, reserved 1048576K
}
Event: 113.613 GC heap after
{Heap after GC invocations=636 (full 4):
 PSYoungGen      total 32768K, used 512K [0x00000000d5580000, 0x00000000d7880000, 0x0000000100000000)
  eden space 32256K, 0% used [0x00000000d5580000,0x00000000d5580000,0x00000000d7500000)
  from space 512K, 100% used [0x00000000d7800000,0x00000000d7880000,0x00000000d7880000)
  to   space 1536K, 0% used [0x00000000d7580000,0x00000000d7580000,0x00000000d7700000)
 ParOldGen       total 721920K, used 721637K [0x0000000080000000, 0x00000000ac100000, 0x00000000d5580000)
  object space 721920K, 99% used [0x0000000080000000,0x00000000ac0b94c8,0x00000000ac100000)
 Metaspace       used 63747K, committed 65280K, reserved 1114112K
  class space    used 6730K, committed 7360K, reserved 1048576K
}
Event: 114.048 GC heap before
{Heap before GC invocations=637 (full 4):
 PSYoungGen      total 32768K, used 32666K [0x00000000d5580000, 0x00000000d7880000, 0x0000000100000000)
  eden space 32256K, 99% used [0x00000000d5580000,0x00000000d74e69c8,0x00000000d7500000)
  from space 512K, 100% used [0x00000000d7800000,0x00000000d7880000,0x00000000d7880000)
  to   space 1536K, 0% used [0x00000000d7580000,0x00000000d7580000,0x00000000d7700000)
 ParOldGen       total 721920K, used 721637K [0x0000000080000000, 0x00000000ac100000, 0x00000000d5580000)
  object space 721920K, 99% used [0x0000000080000000,0x00000000ac0b94c8,0x00000000ac100000)
 Metaspace       used 64324K, committed 65856K, reserved 1114112K
  class space    used 6837K, committed 7488K, reserved 1048576K
}
Event: 114.058 GC heap after
{Heap after GC invocations=637 (full 4):
 PSYoungGen      total 33280K, used 1516K [0x00000000d5580000, 0x00000000d7f80000, 0x0000000100000000)
  eden space 31744K, 0% used [0x00000000d5580000,0x00000000d5580000,0x00000000d7480000)
  from space 1536K, 98% used [0x00000000d7580000,0x00000000d76fb370,0x00000000d7700000)
  to   space 5632K, 0% used [0x00000000d7a00000,0x00000000d7a00000,0x00000000d7f80000)
 ParOldGen       total 725504K, used 725072K [0x0000000080000000, 0x00000000ac480000, 0x00000000d5580000)
  object space 725504K, 99% used [0x0000000080000000,0x00000000ac414278,0x00000000ac480000)
 Metaspace       used 64324K, committed 65856K, reserved 1114112K
  class space    used 6837K, committed 7488K, reserved 1048576K
}
Event: 114.274 GC heap before
{Heap before GC invocations=638 (full 4):
 PSYoungGen      total 33280K, used 33260K [0x00000000d5580000, 0x00000000d7f80000, 0x0000000100000000)
  eden space 31744K, 100% used [0x00000000d5580000,0x00000000d7480000,0x00000000d7480000)
  from space 1536K, 98% used [0x00000000d7580000,0x00000000d76fb370,0x00000000d7700000)
  to   space 5632K, 0% used [0x00000000d7a00000,0x00000000d7a00000,0x00000000d7f80000)
 ParOldGen       total 725504K, used 725072K [0x0000000080000000, 0x00000000ac480000, 0x00000000d5580000)
  object space 725504K, 99% used [0x0000000080000000,0x00000000ac414278,0x00000000ac480000)
 Metaspace       used 64642K, committed 66112K, reserved 1114112K
  class space    used 6864K, committed 7488K, reserved 1048576K
}
Event: 114.294 GC heap after
{Heap after GC invocations=638 (full 4):
 PSYoungGen      total 33280K, used 5612K [0x00000000d5580000, 0x00000000d8700000, 0x0000000100000000)
  eden space 27648K, 0% used [0x00000000d5580000,0x00000000d5580000,0x00000000d7080000)
  from space 5632K, 99% used [0x00000000d7a00000,0x00000000d7f7b000,0x00000000d7f80000)
  to   space 9728K, 0% used [0x00000000d7080000,0x00000000d7080000,0x00000000d7a00000)
 ParOldGen       total 728576K, used 728235K [0x0000000080000000, 0x00000000ac780000, 0x00000000d5580000)
  object space 728576K, 99% used [0x0000000080000000,0x00000000ac72af08,0x00000000ac780000)
 Metaspace       used 64642K, committed 66112K, reserved 1114112K
  class space    used 6864K, committed 7488K, reserved 1048576K
}

