# JRE version: OpenJDK Runtime Environment Temurin-21.0.8+9 (21.0.8+9) (build 21.0.8+9-LTS)
# Java VM: OpenJDK 64-Bit Server VM Temurin-21.0.8+9 (21.0.8+9-LTS, mixed mode, sharing, tiered, compressed oops, compressed class ptrs, parallel gc, windows-amd64)
GC Precious Log:
 CardTable entry size: 512
 CPUs: 4 total, 4 available
 Memory: 6094M
 Large Page Support: Disabled
 NUMA Support: Disabled
 Compressed Oops: Enabled (32-bit)
 Alignments: Space 512K, Generation 512K, Heap 2M
 Heap Min Capacity: 100M
 Heap Initial Capacity: 100M
 Heap Max Capacity: 2G
 Pre-touch: Disabled
 Parallel Workers: 4
Heap:
 PSYoungGen      total 4608K, used 2852K [0x00000000d5580000, 0x00000000d5b00000, 0x0000000100000000)
  eden space 4096K, 64% used [0x00000000d5580000,0x00000000d5819080,0x00000000d5980000)
  from space 512K, 37% used [0x00000000d5a00000,0x00000000d5a30000,0x00000000d5a80000)
  to   space 512K, 0% used [0x00000000d5a80000,0x00000000d5a80000,0x00000000d5b00000)
 ParOldGen       total 248320K, used 248114K [0x0000000080000000, 0x000000008f280000, 0x00000000d5580000)
  object space 248320K, 99% used [0x0000000080000000,0x000000008f24c960,0x000000008f280000)
 Metaspace       used 45880K, committed 46912K, reserved 1114112K
  class space    used 4623K, committed 5056K, reserved 1048576K
GC Heap History (20 events):
Event: 84.217 GC heap before
{Heap before GC invocations=202 (full 2):
 PSYoungGen      total 5120K, used 5115K [0x00000000d5580000, 0x00000000d5c80000, 0x0000000100000000)
  eden space 4096K, 100% used [0x00000000d5580000,0x00000000d5980000,0x00000000d5980000)
  from space 1024K, 99% used [0x00000000d5a80000,0x00000000d5b7ecd8,0x00000000d5b80000)
  to   space 1024K, 0% used [0x00000000d5b80000,0x00000000d5b80000,0x00000000d5c80000)
 ParOldGen       total 247808K, used 247581K [0x0000000080000000, 0x000000008f200000, 0x00000000d5580000)
  object space 247808K, 99% used [0x0000000080000000,0x000000008f1c74d0,0x000000008f200000)
 Metaspace       used 44180K, committed 45184K, reserved 1114112K
  class space    used 4484K, committed 4992K, reserved 1048576K
}
Event: 84.218 GC heap after
{Heap after GC invocations=202 (full 2):
 PSYoungGen      total 5120K, used 744K [0x00000000d5580000, 0x00000000d5c80000, 0x0000000100000000)
  eden space 4096K, 0% used [0x00000000d5580000,0x00000000d5580000,0x00000000d5980000)
  from space 1024K, 72% used [0x00000000d5b80000,0x00000000d5c3a200,0x00000000d5c80000)
  to   space 1024K, 0% used [0x00000000d5a80000,0x00000000d5a80000,0x00000000d5b80000)
 ParOldGen       total 247808K, used 247589K [0x0000000080000000, 0x000000008f200000, 0x00000000d5580000)
  object space 247808K, 99% used [0x0000000080000000,0x000000008f1c94d0,0x000000008f200000)
 Metaspace       used 44180K, committed 45184K, reserved 1114112K
  class space    used 4484K, committed 4992K, reserved 1048576K
}
Event: 84.366 GC heap before
{Heap before GC invocations=203 (full 2):
 PSYoungGen      total 5120K, used 4840K [0x00000000d5580000, 0x00000000d5c80000, 0x0000000100000000)
  eden space 4096K, 100% used [0x00000000d5580000,0x00000000d5980000,0x00000000d5980000)
  from space 1024K, 72% used [0x00000000d5b80000,0x00000000d5c3a200,0x00000000d5c80000)
  to   space 1024K, 0% used [0x00000000d5a80000,0x00000000d5a80000,0x00000000d5b80000)
 ParOldGen       total 247808K, used 247589K [0x0000000080000000, 0x000000008f200000, 0x00000000d5580000)
  object space 247808K, 99% used [0x0000000080000000,0x000000008f1c94d0,0x000000008f200000)
 Metaspace       used 44185K, committed 45184K, reserved 1114112K
  class space    used 4484K, committed 4992K, reserved 1048576K
}
Event: 84.368 GC heap after
{Heap after GC invocations=203 (full 2):
 PSYoungGen      total 4608K, used 489K [0x00000000d5580000, 0x00000000d5c00000, 0x0000000100000000)
  eden space 4096K, 0% used [0x00000000d5580000,0x00000000d5580000,0x00000000d5980000)
  from space 512K, 95% used [0x00000000d5a80000,0x00000000d5afa508,0x00000000d5b00000)
  to   space 1024K, 0% used [0x00000000d5b00000,0x00000000d5b00000,0x00000000d5c00000)
 ParOldGen       total 247808K, used 247597K [0x0000000080000000, 0x000000008f200000, 0x00000000d5580000)
  object space 247808K, 99% used [0x0000000080000000,0x000000008f1cb4d0,0x000000008f200000)
 Metaspace       used 44185K, committed 45184K, reserved 1114112K
  class space    used 4484K, committed 4992K, reserved 1048576K
}
Event: 84.438 GC heap before
{Heap before GC invocations=204 (full 2):
 PSYoungGen      total 4608K, used 4426K [0x00000000d5580000, 0x00000000d5c00000, 0x0000000100000000)
  eden space 4096K, 96% used [0x00000000d5580000,0x00000000d5958468,0x00000000d5980000)
  from space 512K, 95% used [0x00000000d5a80000,0x00000000d5afa508,0x00000000d5b00000)
  to   space 1024K, 0% used [0x00000000d5b00000,0x00000000d5b00000,0x00000000d5c00000)
 ParOldGen       total 247808K, used 247597K [0x0000000080000000, 0x000000008f200000, 0x00000000d5580000)
  object space 247808K, 99% used [0x0000000080000000,0x000000008f1cb4d0,0x000000008f200000)
 Metaspace       used 44187K, committed 45248K, reserved 1114112K
  class space    used 4484K, committed 4992K, reserved 1048576K
}
Event: 84.441 GC heap after
{Heap after GC invocations=204 (full 2):
 PSYoungGen      total 5120K, used 905K [0x00000000d5580000, 0x00000000d5c00000, 0x0000000100000000)
  eden space 4096K, 0% used [0x00000000d5580000,0x00000000d5580000,0x00000000d5980000)
  from space 1024K, 88% used [0x00000000d5b00000,0x00000000d5be2520,0x00000000d5c00000)
  to   space 1024K, 0% used [0x00000000d5a00000,0x00000000d5a00000,0x00000000d5b00000)
 ParOldGen       total 247808K, used 247613K [0x0000000080000000, 0x000000008f200000, 0x00000000d5580000)
  object space 247808K, 99% used [0x0000000080000000,0x000000008f1cf4d0,0x000000008f200000)
 Metaspace       used 44187K, committed 45248K, reserved 1114112K
  class space    used 4484K, committed 4992K, reserved 1048576K
}
Event: 84.458 GC heap before
{Heap before GC invocations=205 (full 2):
 PSYoungGen      total 5120K, used 4953K [0x00000000d5580000, 0x00000000d5c00000, 0x0000000100000000)
  eden space 4096K, 98% used [0x00000000d5580000,0x00000000d59741e0,0x00000000d5980000)
  from space 1024K, 88% used [0x00000000d5b00000,0x00000000d5be2520,0x00000000d5c00000)
  to   space 1024K, 0% used [0x00000000d5a00000,0x00000000d5a00000,0x00000000d5b00000)
 ParOldGen       total 247808K, used 247613K [0x0000000080000000, 0x000000008f200000, 0x00000000d5580000)
  object space 247808K, 99% used [0x0000000080000000,0x000000008f1cf4d0,0x000000008f200000)
 Metaspace       used 44187K, committed 45248K, reserved 1114112K
  class space    used 4484K, committed 4992K, reserved 1048576K
}
Event: 84.463 GC heap after
{Heap after GC invocations=205 (full 2):
 PSYoungGen      total 5120K, used 905K [0x00000000d5580000, 0x00000000d5b80000, 0x0000000100000000)
  eden space 4096K, 0% used [0x00000000d5580000,0x00000000d5580000,0x00000000d5980000)
  from space 1024K, 88% used [0x00000000d5a00000,0x00000000d5ae2558,0x00000000d5b00000)
  to   space 512K, 0% used [0x00000000d5b00000,0x00000000d5b00000,0x00000000d5b80000)
 ParOldGen       total 247808K, used 247613K [0x0000000080000000, 0x000000008f200000, 0x00000000d5580000)
  object space 247808K, 99% used [0x0000000080000000,0x000000008f1cf4d0,0x000000008f200000)
 Metaspace       used 44187K, committed 45248K, reserved 1114112K
  class space    used 4484K, committed 4992K, reserved 1048576K
}
Event: 84.494 GC heap before
{Heap before GC invocations=206 (full 2):
 PSYoungGen      total 5120K, used 5001K [0x00000000d5580000, 0x00000000d5b80000, 0x0000000100000000)
  eden space 4096K, 100% used [0x00000000d5580000,0x00000000d5980000,0x00000000d5980000)
  from space 1024K, 88% used [0x00000000d5a00000,0x00000000d5ae2558,0x00000000d5b00000)
  to   space 512K, 0% used [0x00000000d5b00000,0x00000000d5b00000,0x00000000d5b80000)
 ParOldGen       total 247808K, used 247613K [0x0000000080000000, 0x000000008f200000, 0x00000000d5580000)
  object space 247808K, 99% used [0x0000000080000000,0x000000008f1cf4d0,0x000000008f200000)
 Metaspace       used 44189K, committed 45248K, reserved 1114112K
  class space    used 4484K, committed 4992K, reserved 1048576K
}
Event: 84.497 GC heap after
{Heap after GC invocations=206 (full 2):
 PSYoungGen      total 4608K, used 457K [0x00000000d5580000, 0x00000000d5b80000, 0x0000000100000000)
  eden space 4096K, 0% used [0x00000000d5580000,0x00000000d5580000,0x00000000d5980000)
  from space 512K, 89% used [0x00000000d5b00000,0x00000000d5b72580,0x00000000d5b80000)
  to   space 1024K, 0% used [0x00000000d5980000,0x00000000d5980000,0x00000000d5a80000)
 ParOldGen       total 247808K, used 247613K [0x0000000080000000, 0x000000008f200000, 0x00000000d5580000)
  object space 247808K, 99% used [0x0000000080000000,0x000000008f1cf4d0,0x000000008f200000)
 Metaspace       used 44189K, committed 45248K, reserved 1114112K
  class space    used 4484K, committed 4992K, reserved 1048576K
}
Event: 84.543 GC heap before
{Heap before GC invocations=207 (full 2):
 PSYoungGen      total 4608K, used 4450K [0x00000000d5580000, 0x00000000d5b80000, 0x0000000100000000)
  eden space 4096K, 97% used [0x00000000d5580000,0x00000000d5966470,0x00000000d5980000)
  from space 512K, 89% used [0x00000000d5b00000,0x00000000d5b72580,0x00000000d5b80000)
  to   space 1024K, 0% used [0x00000000d5980000,0x00000000d5980000,0x00000000d5a80000)
 ParOldGen       total 247808K, used 247613K [0x0000000080000000, 0x000000008f200000, 0x00000000d5580000)
  object space 247808K, 99% used [0x0000000080000000,0x000000008f1cf4d0,0x000000008f200000)
 Metaspace       used 44203K, committed 45248K, reserved 1114112K
  class space    used 4484K, committed 4992K, reserved 1048576K
}
Event: 84.547 GC heap after
{Heap after GC invocations=207 (full 2):
 PSYoungGen      total 5120K, used 893K [0x00000000d5580000, 0x00000000d5b80000, 0x0000000100000000)
  eden space 4096K, 0% used [0x00000000d5580000,0x00000000d5580000,0x00000000d5980000)
  from space 1024K, 87% used [0x00000000d5980000,0x00000000d5a5f6c8,0x00000000d5a80000)
  to   space 1024K, 0% used [0x00000000d5a80000,0x00000000d5a80000,0x00000000d5b80000)
 ParOldGen       total 247808K, used 247613K [0x0000000080000000, 0x000000008f200000, 0x00000000d5580000)
  object space 247808K, 99% used [0x0000000080000000,0x000000008f1cf4d0,0x000000008f200000)
 Metaspace       used 44203K, committed 45248K, reserved 1114112K
  class space    used 4484K, committed 4992K, reserved 1048576K
}
Event: 85.124 GC heap before
{Heap before GC invocations=208 (full 2):
 PSYoungGen      total 5120K, used 4939K [0x00000000d5580000, 0x00000000d5b80000, 0x0000000100000000)
  eden space 4096K, 98% used [0x00000000d5580000,0x00000000d59736e8,0x00000000d5980000)
  from space 1024K, 87% used [0x00000000d5980000,0x00000000d5a5f6c8,0x00000000d5a80000)
  to   space 1024K, 0% used [0x00000000d5a80000,0x00000000d5a80000,0x00000000d5b80000)
 ParOldGen       total 247808K, used 247613K [0x0000000080000000, 0x000000008f200000, 0x00000000d5580000)
  object space 247808K, 99% used [0x0000000080000000,0x000000008f1cf4d0,0x000000008f200000)
 Metaspace       used 45133K, committed 46080K, reserved 1114112K
  class space    used 4562K, committed 4992K, reserved 1048576K
}
Event: 85.126 GC heap after
{Heap after GC invocations=208 (full 2):
 PSYoungGen      total 4608K, used 183K [0x00000000d5580000, 0x00000000d5b00000, 0x0000000100000000)
  eden space 4096K, 0% used [0x00000000d5580000,0x00000000d5580000,0x00000000d5980000)
  from space 512K, 35% used [0x00000000d5a80000,0x00000000d5aade20,0x00000000d5b00000)
  to   space 512K, 0% used [0x00000000d5a00000,0x00000000d5a00000,0x00000000d5a80000)
 ParOldGen       total 247808K, used 247621K [0x0000000080000000, 0x000000008f200000, 0x00000000d5580000)
  object space 247808K, 99% used [0x0000000080000000,0x000000008f1d14d0,0x000000008f200000)
 Metaspace       used 45133K, committed 46080K, reserved 1114112K
  class space    used 4562K, committed 4992K, reserved 1048576K
}
Event: 111.065 GC heap before
{Heap before GC invocations=209 (full 2):
 PSYoungGen      total 4608K, used 4279K [0x00000000d5580000, 0x00000000d5b00000, 0x0000000100000000)
  eden space 4096K, 100% used [0x00000000d5580000,0x00000000d5980000,0x00000000d5980000)
  from space 512K, 35% used [0x00000000d5a80000,0x00000000d5aade20,0x00000000d5b00000)
  to   space 512K, 0% used [0x00000000d5a00000,0x00000000d5a00000,0x00000000d5a80000)
 ParOldGen       total 247808K, used 247621K [0x0000000080000000, 0x000000008f200000, 0x00000000d5580000)
  object space 247808K, 99% used [0x0000000080000000,0x000000008f1d14d0,0x000000008f200000)
 Metaspace       used 45777K, committed 46848K, reserved 1114112K
  class space    used 4622K, committed 5056K, reserved 1048576K
}
Event: 111.073 GC heap after
{Heap after GC invocations=209 (full 2):
 PSYoungGen      total 4608K, used 480K [0x00000000d5580000, 0x00000000d5b80000, 0x0000000100000000)
  eden space 4096K, 0% used [0x00000000d5580000,0x00000000d5580000,0x00000000d5980000)
  from space 512K, 93% used [0x00000000d5a00000,0x00000000d5a78000,0x00000000d5a80000)
  to   space 1024K, 0% used [0x00000000d5a80000,0x00000000d5a80000,0x00000000d5b80000)
 ParOldGen       total 247808K, used 247653K [0x0000000080000000, 0x000000008f200000, 0x00000000d5580000)
  object space 247808K, 99% used [0x0000000080000000,0x000000008f1d94d0,0x000000008f200000)
 Metaspace       used 45777K, committed 46848K, reserved 1114112K
  class space    used 4622K, committed 5056K, reserved 1048576K
}
Event: 112.218 GC heap before
{Heap before GC invocations=210 (full 2):
 PSYoungGen      total 4608K, used 4576K [0x00000000d5580000, 0x00000000d5b80000, 0x0000000100000000)
  eden space 4096K, 100% used [0x00000000d5580000,0x00000000d5980000,0x00000000d5980000)
  from space 512K, 93% used [0x00000000d5a00000,0x00000000d5a78000,0x00000000d5a80000)
  to   space 1024K, 0% used [0x00000000d5a80000,0x00000000d5a80000,0x00000000d5b80000)
 ParOldGen       total 247808K, used 247653K [0x0000000080000000, 0x000000008f200000, 0x00000000d5580000)
  object space 247808K, 99% used [0x0000000080000000,0x000000008f1d94d0,0x000000008f200000)
 Metaspace       used 45789K, committed 46848K, reserved 1114112K
  class space    used 4623K, committed 5056K, reserved 1048576K
}
Event: 112.227 GC heap after
{Heap after GC invocations=210 (full 2):
 PSYoungGen      total 4608K, used 128K [0x00000000d5580000, 0x00000000d5b00000, 0x0000000100000000)
  eden space 4096K, 0% used [0x00000000d5580000,0x00000000d5580000,0x00000000d5980000)
  from space 512K, 25% used [0x00000000d5a80000,0x00000000d5aa0000,0x00000000d5b00000)
  to   space 512K, 0% used [0x00000000d5a00000,0x00000000d5a00000,0x00000000d5a80000)
 ParOldGen       total 248320K, used 248066K [0x0000000080000000, 0x000000008f280000, 0x00000000d5580000)
  object space 248320K, 99% used [0x0000000080000000,0x000000008f240960,0x000000008f280000)
 Metaspace       used 45789K, committed 46848K, reserved 1114112K
  class space    used 4623K, committed 5056K, reserved 1048576K
}
Event: 114.106 GC heap before
{Heap before GC invocations=211 (full 2):
 PSYoungGen      total 4608K, used 4224K [0x00000000d5580000, 0x00000000d5b00000, 0x0000000100000000)
  eden space 4096K, 100% used [0x00000000d5580000,0x00000000d5980000,0x00000000d5980000)
  from space 512K, 25% used [0x00000000d5a80000,0x00000000d5aa0000,0x00000000d5b00000)
  to   space 512K, 0% used [0x00000000d5a00000,0x00000000d5a00000,0x00000000d5a80000)
 ParOldGen       total 248320K, used 248066K [0x0000000080000000, 0x000000008f280000, 0x00000000d5580000)
  object space 248320K, 99% used [0x0000000080000000,0x000000008f240960,0x000000008f280000)
 Metaspace       used 45868K, committed 46848K, reserved 1114112K
  class space    used 4623K, committed 5056K, reserved 1048576K
}
Event: 114.108 GC heap after
{Heap after GC invocations=211 (full 2):
 PSYoungGen      total 4608K, used 192K [0x00000000d5580000, 0x00000000d5b00000, 0x0000000100000000)
  eden space 4096K, 0% used [0x00000000d5580000,0x00000000d5580000,0x00000000d5980000)
  from space 512K, 37% used [0x00000000d5a00000,0x00000000d5a30000,0x00000000d5a80000)
  to   space 512K, 0% used [0x00000000d5a80000,0x00000000d5a80000,0x00000000d5b00000)
 ParOldGen       total 248320K, used 248114K [0x0000000080000000, 0x000000008f280000, 0x00000000d5580000)
  object space 248320K, 99% used [0x0000000080000000,0x000000008f24c960,0x000000008f280000)
 Metaspace       used 45868K, committed 46848K, reserved 1114112K
  class space    used 4623K, committed 5056K, reserved 1048576K
}

