# JRE version: OpenJDK Runtime Environment Temurin-21.0.8+9 (21.0.8+9) (build 21.0.8+9-LTS)
# Java VM: OpenJDK 64-Bit Server VM Temurin-21.0.8+9 (21.0.8+9-LTS, mixed mode, sharing, tiered, compressed oops, compressed class ptrs, g1 gc, windows-amd64)
GC Precious Log:
 CardTable entry size: 512
 Card Set container configuration: InlinePtr #cards 5 size 8 Array Of Cards #cards 12 size 40 Howl #buckets 4 coarsen threshold 1843 Howl Bitmap #cards 512 size 80 coarsen threshold 460 Card regions per heap region 1 cards per card region 2048
 CPUs: 4 total, 4 available
 Memory: 6094M
 Large Page Support: Disabled
 NUMA Support: Disabled
 Compressed Oops: Enabled (32-bit)
 Heap Region Size: 1M
 Heap Min Capacity: 8M
 Heap Initial Capacity: 96M
 Heap Max Capacity: 1524M
 Pre-touch: Disabled
 Parallel Workers: 4
 Concurrent Workers: 1
 Concurrent Refinement Workers: 4
 Periodic GC: Disabled
Heap:
 garbage-first heap   total 61440K, used 37206K [0x00000000a0c00000, 0x0000000100000000)
  region size 1024K, 14 young (14336K), 4 survivors (4096K)
 Metaspace       used 45085K, committed 45632K, reserved 1114112K
  class space    used 5819K, committed 6080K, reserved 1048576K
GC Heap History (18 events):
Event: 1.317 GC heap before
{Heap before GC invocations=0 (full 0):
 garbage-first heap   total 98304K, used 15360K [0x00000000a0c00000, 0x0000000100000000)
  region size 1024K, 13 young (13312K), 0 survivors (0K)
 Metaspace       used 2233K, committed 2368K, reserved 1114112K
  class space    used 230K, committed 320K, reserved 1048576K
}
Event: 1.367 GC heap after
{Heap after GC invocations=1 (full 0):
 garbage-first heap   total 98304K, used 9344K [0x00000000a0c00000, 0x0000000100000000)
  region size 1024K, 2 young (2048K), 2 survivors (2048K)
 Metaspace       used 2233K, committed 2368K, reserved 1114112K
  class space    used 230K, committed 320K, reserved 1048576K
}
Event: 2.673 GC heap before
{Heap before GC invocations=1 (full 0):
 garbage-first heap   total 98304K, used 20608K [0x00000000a0c00000, 0x0000000100000000)
  region size 1024K, 14 young (14336K), 2 survivors (2048K)
 Metaspace       used 5802K, committed 6016K, reserved 1114112K
  class space    used 712K, committed 832K, reserved 1048576K
}
Event: 2.677 GC heap after
{Heap after GC invocations=2 (full 0):
 garbage-first heap   total 98304K, used 10081K [0x00000000a0c00000, 0x0000000100000000)
  region size 1024K, 1 young (1024K), 1 survivors (1024K)
 Metaspace       used 5802K, committed 6016K, reserved 1114112K
  class space    used 712K, committed 832K, reserved 1048576K
}
Event: 4.409 GC heap before
{Heap before GC invocations=2 (full 0):
 garbage-first heap   total 98304K, used 38753K [0x00000000a0c00000, 0x0000000100000000)
  region size 1024K, 29 young (29696K), 1 survivors (1024K)
 Metaspace       used 13270K, committed 13568K, reserved 1114112K
  class space    used 1595K, committed 1728K, reserved 1048576K
}
Event: 4.416 GC heap after
{Heap after GC invocations=3 (full 0):
 garbage-first heap   total 98304K, used 12942K [0x00000000a0c00000, 0x0000000100000000)
  region size 1024K, 4 young (4096K), 4 survivors (4096K)
 Metaspace       used 13270K, committed 13568K, reserved 1114112K
  class space    used 1595K, committed 1728K, reserved 1048576K
}
Event: 36.528 GC heap before
{Heap before GC invocations=3 (full 0):
 garbage-first heap   total 98304K, used 59022K [0x00000000a0c00000, 0x0000000100000000)
  region size 1024K, 51 young (52224K), 4 survivors (4096K)
 Metaspace       used 21277K, committed 21504K, reserved 1114112K
  class space    used 2648K, committed 2752K, reserved 1048576K
}
Event: 36.547 GC heap after
{Heap after GC invocations=4 (full 0):
 garbage-first heap   total 98304K, used 17816K [0x00000000a0c00000, 0x0000000100000000)
  region size 1024K, 8 young (8192K), 8 survivors (8192K)
 Metaspace       used 21277K, committed 21504K, reserved 1114112K
  class space    used 2648K, committed 2752K, reserved 1048576K
}
Event: 39.476 GC heap before
{Heap before GC invocations=5 (full 0):
 garbage-first heap   total 61440K, used 46488K [0x00000000a0c00000, 0x0000000100000000)
  region size 1024K, 36 young (36864K), 8 survivors (8192K)
 Metaspace       used 28511K, committed 28928K, reserved 1114112K
  class space    used 3677K, committed 3840K, reserved 1048576K
}
Event: 39.495 GC heap after
{Heap after GC invocations=6 (full 0):
 garbage-first heap   total 61440K, used 20474K [0x00000000a0c00000, 0x0000000100000000)
  region size 1024K, 3 young (3072K), 3 survivors (3072K)
 Metaspace       used 28511K, committed 28928K, reserved 1114112K
  class space    used 3677K, committed 3840K, reserved 1048576K
}
Event: 41.936 GC heap before
{Heap before GC invocations=6 (full 0):
 garbage-first heap   total 61440K, used 46074K [0x00000000a0c00000, 0x0000000100000000)
  region size 1024K, 29 young (29696K), 3 survivors (3072K)
 Metaspace       used 34846K, committed 35200K, reserved 1114112K
  class space    used 4461K, committed 4608K, reserved 1048576K
}
Event: 41.945 GC heap after
{Heap after GC invocations=7 (full 0):
 garbage-first heap   total 61440K, used 23780K [0x00000000a0c00000, 0x0000000100000000)
  region size 1024K, 4 young (4096K), 4 survivors (4096K)
 Metaspace       used 34846K, committed 35200K, reserved 1114112K
  class space    used 4461K, committed 4608K, reserved 1048576K
}
Event: 42.220 GC heap before
{Heap before GC invocations=7 (full 0):
 garbage-first heap   total 61440K, used 27876K [0x00000000a0c00000, 0x0000000100000000)
  region size 1024K, 10 young (10240K), 4 survivors (4096K)
 Metaspace       used 35535K, committed 35968K, reserved 1114112K
  class space    used 4536K, committed 4736K, reserved 1048576K
}
Event: 42.226 GC heap after
{Heap after GC invocations=8 (full 0):
 garbage-first heap   total 61440K, used 24483K [0x00000000a0c00000, 0x0000000100000000)
  region size 1024K, 1 young (1024K), 1 survivors (1024K)
 Metaspace       used 35535K, committed 35968K, reserved 1114112K
  class space    used 4536K, committed 4736K, reserved 1048576K
}
Event: 45.028 GC heap before
{Heap before GC invocations=9 (full 0):
 garbage-first heap   total 61440K, used 49059K [0x00000000a0c00000, 0x0000000100000000)
  region size 1024K, 25 young (25600K), 1 survivors (1024K)
 Metaspace       used 38368K, committed 38848K, reserved 1114112K
  class space    used 4889K, committed 5120K, reserved 1048576K
}
Event: 45.034 GC heap after
{Heap after GC invocations=10 (full 0):
 garbage-first heap   total 61440K, used 26151K [0x00000000a0c00000, 0x0000000100000000)
  region size 1024K, 3 young (3072K), 3 survivors (3072K)
 Metaspace       used 38368K, committed 38848K, reserved 1114112K
  class space    used 4889K, committed 5120K, reserved 1048576K
}
Event: 48.620 GC heap before
{Heap before GC invocations=10 (full 0):
 garbage-first heap   total 61440K, used 49703K [0x00000000a0c00000, 0x0000000100000000)
  region size 1024K, 26 young (26624K), 3 survivors (3072K)
 Metaspace       used 43313K, committed 43840K, reserved 1114112K
  class space    used 5572K, committed 5824K, reserved 1048576K
}
Event: 48.631 GC heap after
{Heap after GC invocations=11 (full 0):
 garbage-first heap   total 61440K, used 27990K [0x00000000a0c00000, 0x0000000100000000)
  region size 1024K, 4 young (4096K), 4 survivors (4096K)
 Metaspace       used 43313K, committed 43840K, reserved 1114112K
  class space    used 5572K, committed 5824K, reserved 1048576K
}

