# JRE version: OpenJDK Runtime Environment Temurin-21.0.8+9 (21.0.8+9) (build 21.0.8+9-LTS)
# Java VM: OpenJDK 64-Bit Server VM Temurin-21.0.8+9 (21.0.8+9-LTS, mixed mode, sharing, tiered, compressed oops, compressed class ptrs, parallel gc, windows-amd64)
GC Precious Log:
 CardTable entry size: 512
 CPUs: 4 total, 4 available
 Memory: 6094M
 Large Page Support: Disabled
 NUMA Support: Disabled
 Compressed Oops: Enabled (32-bit)
 Alignments: Space 512K, Generation 512K, Heap 2M
 Heap Min Capacity: 100M
 Heap Initial Capacity: 100M
 Heap Max Capacity: 2G
 Pre-touch: Disabled
 Parallel Workers: 4
Heap:
 PSYoungGen      total 21504K, used 16475K [0x00000000d5580000, 0x00000000d6c80000, 0x0000000100000000)
  eden space 20480K, 78% used [0x00000000d5580000,0x00000000d6536c40,0x00000000d6980000)
  from space 1024K, 37% used [0x00000000d6a80000,0x00000000d6ae0000,0x00000000d6b80000)
  to   space 512K, 0% used [0x00000000d6c00000,0x00000000d6c00000,0x00000000d6c80000)
 ParOldGen       total 68608K, used 27793K [0x0000000080000000, 0x0000000084300000, 0x00000000d5580000)
  object space 68608K, 40% used [0x0000000080000000,0x0000000081b244a0,0x0000000084300000)
 Metaspace       used 38809K, committed 39744K, reserved 1114112K
  class space    used 3946K, committed 4352K, reserved 1048576K
GC Heap History (20 events):
Event: 16.418 GC heap before
{Heap before GC invocations=12 (full 1):
 PSYoungGen      total 25088K, used 24782K [0x00000000d5580000, 0x00000000d7400000, 0x0000000100000000)
  eden space 22016K, 99% used [0x00000000d5580000,0x00000000d6affff0,0x00000000d6b00000)
  from space 3072K, 90% used [0x00000000d7100000,0x00000000d73b3b28,0x00000000d7400000)
  to   space 3584K, 0% used [0x00000000d6d00000,0x00000000d6d00000,0x00000000d7080000)
 ParOldGen       total 68608K, used 13112K [0x0000000080000000, 0x0000000084300000, 0x00000000d5580000)
  object space 68608K, 19% used [0x0000000080000000,0x0000000080cce270,0x0000000084300000)
 Metaspace       used 32279K, committed 33216K, reserved 1114112K
  class space    used 3235K, committed 3648K, reserved 1048576K
}
Event: 16.432 GC heap after
{Heap after GC invocations=12 (full 1):
 PSYoungGen      total 24064K, used 1952K [0x00000000d5580000, 0x00000000d7180000, 0x0000000100000000)
  eden space 22016K, 0% used [0x00000000d5580000,0x00000000d5580000,0x00000000d6b00000)
  from space 2048K, 95% used [0x00000000d6d00000,0x00000000d6ee8010,0x00000000d6f00000)
  to   space 2560K, 0% used [0x00000000d6f00000,0x00000000d6f00000,0x00000000d7180000)
 ParOldGen       total 68608K, used 15799K [0x0000000080000000, 0x0000000084300000, 0x00000000d5580000)
  object space 68608K, 23% used [0x0000000080000000,0x0000000080f6df00,0x0000000084300000)
 Metaspace       used 32279K, committed 33216K, reserved 1114112K
  class space    used 3235K, committed 3648K, reserved 1048576K
}
Event: 17.141 GC heap before
{Heap before GC invocations=13 (full 1):
 PSYoungGen      total 24064K, used 23968K [0x00000000d5580000, 0x00000000d7180000, 0x0000000100000000)
  eden space 22016K, 100% used [0x00000000d5580000,0x00000000d6b00000,0x00000000d6b00000)
  from space 2048K, 95% used [0x00000000d6d00000,0x00000000d6ee8010,0x00000000d6f00000)
  to   space 2560K, 0% used [0x00000000d6f00000,0x00000000d6f00000,0x00000000d7180000)
 ParOldGen       total 68608K, used 15799K [0x0000000080000000, 0x0000000084300000, 0x00000000d5580000)
  object space 68608K, 23% used [0x0000000080000000,0x0000000080f6df00,0x0000000084300000)
 Metaspace       used 32699K, committed 33664K, reserved 1114112K
  class space    used 3302K, committed 3712K, reserved 1048576K
}
Event: 17.153 GC heap after
{Heap after GC invocations=13 (full 1):
 PSYoungGen      total 24576K, used 2481K [0x00000000d5580000, 0x00000000d7180000, 0x0000000100000000)
  eden space 22016K, 0% used [0x00000000d5580000,0x00000000d5580000,0x00000000d6b00000)
  from space 2560K, 96% used [0x00000000d6f00000,0x00000000d716c460,0x00000000d7180000)
  to   space 3072K, 0% used [0x00000000d6b80000,0x00000000d6b80000,0x00000000d6e80000)
 ParOldGen       total 68608K, used 17695K [0x0000000080000000, 0x0000000084300000, 0x00000000d5580000)
  object space 68608K, 25% used [0x0000000080000000,0x0000000081147f00,0x0000000084300000)
 Metaspace       used 32699K, committed 33664K, reserved 1114112K
  class space    used 3302K, committed 3712K, reserved 1048576K
}
Event: 17.625 GC heap before
{Heap before GC invocations=14 (full 1):
 PSYoungGen      total 24576K, used 24497K [0x00000000d5580000, 0x00000000d7180000, 0x0000000100000000)
  eden space 22016K, 100% used [0x00000000d5580000,0x00000000d6b00000,0x00000000d6b00000)
  from space 2560K, 96% used [0x00000000d6f00000,0x00000000d716c460,0x00000000d7180000)
  to   space 3072K, 0% used [0x00000000d6b80000,0x00000000d6b80000,0x00000000d6e80000)
 ParOldGen       total 68608K, used 17695K [0x0000000080000000, 0x0000000084300000, 0x00000000d5580000)
  object space 68608K, 25% used [0x0000000080000000,0x0000000081147f00,0x0000000084300000)
 Metaspace       used 32722K, committed 33664K, reserved 1114112K
  class space    used 3303K, committed 3712K, reserved 1048576K
}
Event: 17.641 GC heap after
{Heap after GC invocations=14 (full 1):
 PSYoungGen      total 24576K, used 2178K [0x00000000d5580000, 0x00000000d7000000, 0x0000000100000000)
  eden space 22016K, 0% used [0x00000000d5580000,0x00000000d5580000,0x00000000d6b00000)
  from space 2560K, 85% used [0x00000000d6b80000,0x00000000d6da0800,0x00000000d6e00000)
  to   space 2048K, 0% used [0x00000000d6e00000,0x00000000d6e00000,0x00000000d7000000)
 ParOldGen       total 68608K, used 20022K [0x0000000080000000, 0x0000000084300000, 0x00000000d5580000)
  object space 68608K, 29% used [0x0000000080000000,0x000000008138dbe0,0x0000000084300000)
 Metaspace       used 32722K, committed 33664K, reserved 1114112K
  class space    used 3303K, committed 3712K, reserved 1048576K
}
Event: 17.917 GC heap before
{Heap before GC invocations=15 (full 1):
 PSYoungGen      total 24576K, used 24194K [0x00000000d5580000, 0x00000000d7000000, 0x0000000100000000)
  eden space 22016K, 100% used [0x00000000d5580000,0x00000000d6b00000,0x00000000d6b00000)
  from space 2560K, 85% used [0x00000000d6b80000,0x00000000d6da0800,0x00000000d6e00000)
  to   space 2048K, 0% used [0x00000000d6e00000,0x00000000d6e00000,0x00000000d7000000)
 ParOldGen       total 68608K, used 20022K [0x0000000080000000, 0x0000000084300000, 0x00000000d5580000)
  object space 68608K, 29% used [0x0000000080000000,0x000000008138dbe0,0x0000000084300000)
 Metaspace       used 32736K, committed 33664K, reserved 1114112K
  class space    used 3303K, committed 3712K, reserved 1048576K
}
Event: 17.932 GC heap after
{Heap after GC invocations=15 (full 1):
 PSYoungGen      total 22528K, used 2020K [0x00000000d5580000, 0x00000000d7400000, 0x0000000100000000)
  eden space 20480K, 0% used [0x00000000d5580000,0x00000000d5580000,0x00000000d6980000)
  from space 2048K, 98% used [0x00000000d6e00000,0x00000000d6ff9000,0x00000000d7000000)
  to   space 4608K, 0% used [0x00000000d6980000,0x00000000d6980000,0x00000000d6e00000)
 ParOldGen       total 68608K, used 22078K [0x0000000080000000, 0x0000000084300000, 0x00000000d5580000)
  object space 68608K, 32% used [0x0000000080000000,0x000000008158fbb8,0x0000000084300000)
 Metaspace       used 32736K, committed 33664K, reserved 1114112K
  class space    used 3303K, committed 3712K, reserved 1048576K
}
Event: 18.385 GC heap before
{Heap before GC invocations=16 (full 1):
 PSYoungGen      total 22528K, used 22500K [0x00000000d5580000, 0x00000000d7400000, 0x0000000100000000)
  eden space 20480K, 100% used [0x00000000d5580000,0x00000000d6980000,0x00000000d6980000)
  from space 2048K, 98% used [0x00000000d6e00000,0x00000000d6ff9000,0x00000000d7000000)
  to   space 4608K, 0% used [0x00000000d6980000,0x00000000d6980000,0x00000000d6e00000)
 ParOldGen       total 68608K, used 22078K [0x0000000080000000, 0x0000000084300000, 0x00000000d5580000)
  object space 68608K, 32% used [0x0000000080000000,0x000000008158fbb8,0x0000000084300000)
 Metaspace       used 32802K, committed 33728K, reserved 1114112K
  class space    used 3303K, committed 3712K, reserved 1048576K
}
Event: 18.397 GC heap after
{Heap after GC invocations=16 (full 1):
 PSYoungGen      total 23040K, used 2048K [0x00000000d5580000, 0x00000000d6f80000, 0x0000000100000000)
  eden space 20480K, 0% used [0x00000000d5580000,0x00000000d5580000,0x00000000d6980000)
  from space 2560K, 80% used [0x00000000d6980000,0x00000000d6b80010,0x00000000d6c00000)
  to   space 3072K, 0% used [0x00000000d6c80000,0x00000000d6c80000,0x00000000d6f80000)
 ParOldGen       total 68608K, used 24037K [0x0000000080000000, 0x0000000084300000, 0x00000000d5580000)
  object space 68608K, 35% used [0x0000000080000000,0x0000000081779608,0x0000000084300000)
 Metaspace       used 32802K, committed 33728K, reserved 1114112K
  class space    used 3303K, committed 3712K, reserved 1048576K
}
Event: 18.861 GC heap before
{Heap before GC invocations=17 (full 1):
 PSYoungGen      total 23040K, used 22528K [0x00000000d5580000, 0x00000000d6f80000, 0x0000000100000000)
  eden space 20480K, 100% used [0x00000000d5580000,0x00000000d6980000,0x00000000d6980000)
  from space 2560K, 80% used [0x00000000d6980000,0x00000000d6b80010,0x00000000d6c00000)
  to   space 3072K, 0% used [0x00000000d6c80000,0x00000000d6c80000,0x00000000d6f80000)
 ParOldGen       total 68608K, used 24037K [0x0000000080000000, 0x0000000084300000, 0x00000000d5580000)
  object space 68608K, 35% used [0x0000000080000000,0x0000000081779608,0x0000000084300000)
 Metaspace       used 32869K, committed 33792K, reserved 1114112K
  class space    used 3303K, committed 3712K, reserved 1048576K
}
Event: 18.869 GC heap after
{Heap after GC invocations=17 (full 1):
 PSYoungGen      total 22528K, used 1720K [0x00000000d5580000, 0x00000000d6e80000, 0x0000000100000000)
  eden space 20480K, 0% used [0x00000000d5580000,0x00000000d5580000,0x00000000d6980000)
  from space 2048K, 84% used [0x00000000d6c80000,0x00000000d6e2e200,0x00000000d6e80000)
  to   space 2048K, 0% used [0x00000000d6a80000,0x00000000d6a80000,0x00000000d6c80000)
 ParOldGen       total 68608K, used 26037K [0x0000000080000000, 0x0000000084300000, 0x00000000d5580000)
  object space 68608K, 37% used [0x0000000080000000,0x000000008196d618,0x0000000084300000)
 Metaspace       used 32869K, committed 33792K, reserved 1114112K
  class space    used 3303K, committed 3712K, reserved 1048576K
}
Event: 20.822 GC heap before
{Heap before GC invocations=18 (full 1):
 PSYoungGen      total 22528K, used 22171K [0x00000000d5580000, 0x00000000d6e80000, 0x0000000100000000)
  eden space 20480K, 99% used [0x00000000d5580000,0x00000000d6978db8,0x00000000d6980000)
  from space 2048K, 84% used [0x00000000d6c80000,0x00000000d6e2e200,0x00000000d6e80000)
  to   space 2048K, 0% used [0x00000000d6a80000,0x00000000d6a80000,0x00000000d6c80000)
 ParOldGen       total 68608K, used 26037K [0x0000000080000000, 0x0000000084300000, 0x00000000d5580000)
  object space 68608K, 37% used [0x0000000080000000,0x000000008196d618,0x0000000084300000)
 Metaspace       used 34461K, committed 35392K, reserved 1114112K
  class space    used 3506K, committed 3904K, reserved 1048576K
}
Event: 20.832 GC heap after
{Heap after GC invocations=18 (full 1):
 PSYoungGen      total 22016K, used 1402K [0x00000000d5580000, 0x00000000d6d80000, 0x0000000100000000)
  eden space 20480K, 0% used [0x00000000d5580000,0x00000000d5580000,0x00000000d6980000)
  from space 1536K, 91% used [0x00000000d6a80000,0x00000000d6bdeaf8,0x00000000d6c00000)
  to   space 1536K, 0% used [0x00000000d6c00000,0x00000000d6c00000,0x00000000d6d80000)
 ParOldGen       total 68608K, used 27734K [0x0000000080000000, 0x0000000084300000, 0x00000000d5580000)
  object space 68608K, 40% used [0x0000000080000000,0x0000000081b15818,0x0000000084300000)
 Metaspace       used 34461K, committed 35392K, reserved 1114112K
  class space    used 3506K, committed 3904K, reserved 1048576K
}
Event: 22.095 GC heap before
{Heap before GC invocations=19 (full 1):
 PSYoungGen      total 22016K, used 12811K [0x00000000d5580000, 0x00000000d6d80000, 0x0000000100000000)
  eden space 20480K, 55% used [0x00000000d5580000,0x00000000d60a4370,0x00000000d6980000)
  from space 1536K, 91% used [0x00000000d6a80000,0x00000000d6bdeaf8,0x00000000d6c00000)
  to   space 1536K, 0% used [0x00000000d6c00000,0x00000000d6c00000,0x00000000d6d80000)
 ParOldGen       total 68608K, used 27734K [0x0000000080000000, 0x0000000084300000, 0x00000000d5580000)
  object space 68608K, 40% used [0x0000000080000000,0x0000000081b15818,0x0000000084300000)
 Metaspace       used 34950K, committed 35840K, reserved 1114112K
  class space    used 3584K, committed 3968K, reserved 1048576K
}
Event: 22.099 GC heap after
{Heap after GC invocations=19 (full 1):
 PSYoungGen      total 20992K, used 128K [0x00000000d5580000, 0x00000000d6c80000, 0x0000000100000000)
  eden space 20480K, 0% used [0x00000000d5580000,0x00000000d5580000,0x00000000d6980000)
  from space 512K, 25% used [0x00000000d6c00000,0x00000000d6c20000,0x00000000d6c80000)
  to   space 1024K, 0% used [0x00000000d6a80000,0x00000000d6a80000,0x00000000d6b80000)
 ParOldGen       total 68608K, used 29040K [0x0000000080000000, 0x0000000084300000, 0x00000000d5580000)
  object space 68608K, 42% used [0x0000000080000000,0x0000000081c5c378,0x0000000084300000)
 Metaspace       used 34950K, committed 35840K, reserved 1114112K
  class space    used 3584K, committed 3968K, reserved 1048576K
}
Event: 22.099 GC heap before
{Heap before GC invocations=20 (full 2):
 PSYoungGen      total 20992K, used 128K [0x00000000d5580000, 0x00000000d6c80000, 0x0000000100000000)
  eden space 20480K, 0% used [0x00000000d5580000,0x00000000d5580000,0x00000000d6980000)
  from space 512K, 25% used [0x00000000d6c00000,0x00000000d6c20000,0x00000000d6c80000)
  to   space 1024K, 0% used [0x00000000d6a80000,0x00000000d6a80000,0x00000000d6b80000)
 ParOldGen       total 68608K, used 29040K [0x0000000080000000, 0x0000000084300000, 0x00000000d5580000)
  object space 68608K, 42% used [0x0000000080000000,0x0000000081c5c378,0x0000000084300000)
 Metaspace       used 34950K, committed 35840K, reserved 1114112K
  class space    used 3584K, committed 3968K, reserved 1048576K
}
Event: 22.223 GC heap after
{Heap after GC invocations=20 (full 2):
 PSYoungGen      total 20992K, used 0K [0x00000000d5580000, 0x00000000d6c80000, 0x0000000100000000)
  eden space 20480K, 0% used [0x00000000d5580000,0x00000000d5580000,0x00000000d6980000)
  from space 512K, 0% used [0x00000000d6c00000,0x00000000d6c00000,0x00000000d6c80000)
  to   space 1024K, 0% used [0x00000000d6a80000,0x00000000d6a80000,0x00000000d6b80000)
 ParOldGen       total 68608K, used 27785K [0x0000000080000000, 0x0000000084300000, 0x00000000d5580000)
  object space 68608K, 40% used [0x0000000080000000,0x0000000081b224a0,0x0000000084300000)
 Metaspace       used 34937K, committed 35840K, reserved 1114112K
  class space    used 3580K, committed 3968K, reserved 1048576K
}
Event: 23.037 GC heap before
{Heap before GC invocations=21 (full 2):
 PSYoungGen      total 20992K, used 20453K [0x00000000d5580000, 0x00000000d6c80000, 0x0000000100000000)
  eden space 20480K, 99% used [0x00000000d5580000,0x00000000d6979480,0x00000000d6980000)
  from space 512K, 0% used [0x00000000d6c00000,0x00000000d6c00000,0x00000000d6c80000)
  to   space 1024K, 0% used [0x00000000d6a80000,0x00000000d6a80000,0x00000000d6b80000)
 ParOldGen       total 68608K, used 27785K [0x0000000080000000, 0x0000000084300000, 0x00000000d5580000)
  object space 68608K, 40% used [0x0000000080000000,0x0000000081b224a0,0x0000000084300000)
 Metaspace       used 36511K, committed 37376K, reserved 1114112K
  class space    used 3720K, committed 4096K, reserved 1048576K
}
Event: 23.040 GC heap after
{Heap after GC invocations=21 (full 2):
 PSYoungGen      total 21504K, used 384K [0x00000000d5580000, 0x00000000d6c80000, 0x0000000100000000)
  eden space 20480K, 0% used [0x00000000d5580000,0x00000000d5580000,0x00000000d6980000)
  from space 1024K, 37% used [0x00000000d6a80000,0x00000000d6ae0000,0x00000000d6b80000)
  to   space 512K, 0% used [0x00000000d6c00000,0x00000000d6c00000,0x00000000d6c80000)
 ParOldGen       total 68608K, used 27793K [0x0000000080000000, 0x0000000084300000, 0x00000000d5580000)
  object space 68608K, 40% used [0x0000000080000000,0x0000000081b244a0,0x0000000084300000)
 Metaspace       used 36511K, committed 37376K, reserved 1114112K
  class space    used 3720K, committed 4096K, reserved 1048576K
}

