# JRE version: OpenJDK Runtime Environment Temurin-21.0.8+9 (21.0.8+9) (build 21.0.8+9-LTS)
# Java VM: OpenJDK 64-Bit Server VM Temurin-21.0.8+9 (21.0.8+9-LTS, mixed mode, sharing, tiered, compressed oops, compressed class ptrs, parallel gc, windows-amd64)
GC Precious Log:
 CardTable entry size: 512
 CPUs: 4 total, 4 available
 Memory: 6094M
 Large Page Support: Disabled
 NUMA Support: Disabled
 Compressed Oops: Enabled (32-bit)
 Alignments: Space 512K, Generation 512K, Heap 2M
 Heap Min Capacity: 100M
 Heap Initial Capacity: 100M
 Heap Max Capacity: 2G
 Pre-touch: Disabled
 Parallel Workers: 4
Heap:
 PSYoungGen      total 15360K, used 14388K [0x00000000d5580000, 0x00000000d6700000, 0x0000000100000000)
  eden space 13312K, 95% used [0x00000000d5580000,0x00000000d61f1440,0x00000000d6280000)
  from space 2048K, 80% used [0x00000000d6500000,0x00000000d669bf30,0x00000000d6700000)
  to   space 2048K, 0% used [0x00000000d6300000,0x00000000d6300000,0x00000000d6500000)
 ParOldGen       total 68608K, used 51535K [0x0000000080000000, 0x0000000084300000, 0x00000000d5580000)
  object space 68608K, 75% used [0x0000000080000000,0x0000000083253d28,0x0000000084300000)
 Metaspace       used 56346K, committed 57664K, reserved 1114112K
  class space    used 6122K, committed 6720K, reserved 1048576K
GC Heap History (20 events):
Event: 19.028 GC heap before
{Heap before GC invocations=31 (full 2):
 PSYoungGen      total 13824K, used 13824K [0x00000000d5580000, 0x00000000d6800000, 0x0000000100000000)
  eden space 13312K, 100% used [0x00000000d5580000,0x00000000d6280000,0x00000000d6280000)
  from space 512K, 100% used [0x00000000d6780000,0x00000000d6800000,0x00000000d6800000)
  to   space 2560K, 0% used [0x00000000d6300000,0x00000000d6300000,0x00000000d6580000)
 ParOldGen       total 68608K, used 43416K [0x0000000080000000, 0x0000000084300000, 0x00000000d5580000)
  object space 68608K, 63% used [0x0000000080000000,0x0000000082a66070,0x0000000084300000)
 Metaspace       used 49672K, committed 50944K, reserved 1114112K
  class space    used 5376K, committed 5952K, reserved 1048576K
}
Event: 19.031 GC heap after
{Heap after GC invocations=31 (full 2):
 PSYoungGen      total 15872K, used 1216K [0x00000000d5580000, 0x00000000d6800000, 0x0000000100000000)
  eden space 13312K, 0% used [0x00000000d5580000,0x00000000d5580000,0x00000000d6280000)
  from space 2560K, 47% used [0x00000000d6300000,0x00000000d6430000,0x00000000d6580000)
  to   space 2048K, 0% used [0x00000000d6600000,0x00000000d6600000,0x00000000d6800000)
 ParOldGen       total 68608K, used 43952K [0x0000000080000000, 0x0000000084300000, 0x00000000d5580000)
  object space 68608K, 64% used [0x0000000080000000,0x0000000082aec070,0x0000000084300000)
 Metaspace       used 49672K, committed 50944K, reserved 1114112K
  class space    used 5376K, committed 5952K, reserved 1048576K
}
Event: 19.274 GC heap before
{Heap before GC invocations=32 (full 2):
 PSYoungGen      total 15872K, used 14528K [0x00000000d5580000, 0x00000000d6800000, 0x0000000100000000)
  eden space 13312K, 100% used [0x00000000d5580000,0x00000000d6280000,0x00000000d6280000)
  from space 2560K, 47% used [0x00000000d6300000,0x00000000d6430000,0x00000000d6580000)
  to   space 2048K, 0% used [0x00000000d6600000,0x00000000d6600000,0x00000000d6800000)
 ParOldGen       total 68608K, used 43952K [0x0000000080000000, 0x0000000084300000, 0x00000000d5580000)
  object space 68608K, 64% used [0x0000000080000000,0x0000000082aec070,0x0000000084300000)
 Metaspace       used 49705K, committed 51008K, reserved 1114112K
  class space    used 5379K, committed 5952K, reserved 1048576K
}
Event: 19.278 GC heap after
{Heap after GC invocations=32 (full 2):
 PSYoungGen      total 14848K, used 1376K [0x00000000d5580000, 0x00000000d6780000, 0x0000000100000000)
  eden space 13312K, 0% used [0x00000000d5580000,0x00000000d5580000,0x00000000d6280000)
  from space 1536K, 89% used [0x00000000d6600000,0x00000000d6758010,0x00000000d6780000)
  to   space 1536K, 0% used [0x00000000d6480000,0x00000000d6480000,0x00000000d6600000)
 ParOldGen       total 68608K, used 45112K [0x0000000080000000, 0x0000000084300000, 0x00000000d5580000)
  object space 68608K, 65% used [0x0000000080000000,0x0000000082c0e070,0x0000000084300000)
 Metaspace       used 49705K, committed 51008K, reserved 1114112K
  class space    used 5379K, committed 5952K, reserved 1048576K
}
Event: 19.377 GC heap before
{Heap before GC invocations=33 (full 2):
 PSYoungGen      total 14848K, used 14688K [0x00000000d5580000, 0x00000000d6780000, 0x0000000100000000)
  eden space 13312K, 100% used [0x00000000d5580000,0x00000000d6280000,0x00000000d6280000)
  from space 1536K, 89% used [0x00000000d6600000,0x00000000d6758010,0x00000000d6780000)
  to   space 1536K, 0% used [0x00000000d6480000,0x00000000d6480000,0x00000000d6600000)
 ParOldGen       total 68608K, used 45112K [0x0000000080000000, 0x0000000084300000, 0x00000000d5580000)
  object space 68608K, 65% used [0x0000000080000000,0x0000000082c0e070,0x0000000084300000)
 Metaspace       used 49719K, committed 51072K, reserved 1114112K
  class space    used 5379K, committed 5952K, reserved 1048576K
}
Event: 19.384 GC heap after
{Heap after GC invocations=33 (full 2):
 PSYoungGen      total 14848K, used 1208K [0x00000000d5580000, 0x00000000d6680000, 0x0000000100000000)
  eden space 13312K, 0% used [0x00000000d5580000,0x00000000d5580000,0x00000000d6280000)
  from space 1536K, 78% used [0x00000000d6480000,0x00000000d65ae200,0x00000000d6600000)
  to   space 512K, 0% used [0x00000000d6600000,0x00000000d6600000,0x00000000d6680000)
 ParOldGen       total 68608K, used 46424K [0x0000000080000000, 0x0000000084300000, 0x00000000d5580000)
  object space 68608K, 67% used [0x0000000080000000,0x0000000082d56080,0x0000000084300000)
 Metaspace       used 49719K, committed 51072K, reserved 1114112K
  class space    used 5379K, committed 5952K, reserved 1048576K
}
Event: 19.461 GC heap before
{Heap before GC invocations=34 (full 2):
 PSYoungGen      total 14848K, used 14520K [0x00000000d5580000, 0x00000000d6680000, 0x0000000100000000)
  eden space 13312K, 100% used [0x00000000d5580000,0x00000000d6280000,0x00000000d6280000)
  from space 1536K, 78% used [0x00000000d6480000,0x00000000d65ae200,0x00000000d6600000)
  to   space 512K, 0% used [0x00000000d6600000,0x00000000d6600000,0x00000000d6680000)
 ParOldGen       total 68608K, used 46424K [0x0000000080000000, 0x0000000084300000, 0x00000000d5580000)
  object space 68608K, 67% used [0x0000000080000000,0x0000000082d56080,0x0000000084300000)
 Metaspace       used 49782K, committed 51136K, reserved 1114112K
  class space    used 5383K, committed 5952K, reserved 1048576K
}
Event: 19.467 GC heap after
{Heap after GC invocations=34 (full 2):
 PSYoungGen      total 13824K, used 512K [0x00000000d5580000, 0x00000000d6780000, 0x0000000100000000)
  eden space 13312K, 0% used [0x00000000d5580000,0x00000000d5580000,0x00000000d6280000)
  from space 512K, 100% used [0x00000000d6600000,0x00000000d6680000,0x00000000d6680000)
  to   space 2560K, 0% used [0x00000000d6280000,0x00000000d6280000,0x00000000d6500000)
 ParOldGen       total 68608K, used 48064K [0x0000000080000000, 0x0000000084300000, 0x00000000d5580000)
  object space 68608K, 70% used [0x0000000080000000,0x0000000082ef0280,0x0000000084300000)
 Metaspace       used 49782K, committed 51136K, reserved 1114112K
  class space    used 5383K, committed 5952K, reserved 1048576K
}
Event: 20.100 GC heap before
{Heap before GC invocations=35 (full 2):
 PSYoungGen      total 13824K, used 13824K [0x00000000d5580000, 0x00000000d6780000, 0x0000000100000000)
  eden space 13312K, 100% used [0x00000000d5580000,0x00000000d6280000,0x00000000d6280000)
  from space 512K, 100% used [0x00000000d6600000,0x00000000d6680000,0x00000000d6680000)
  to   space 2560K, 0% used [0x00000000d6280000,0x00000000d6280000,0x00000000d6500000)
 ParOldGen       total 68608K, used 48064K [0x0000000080000000, 0x0000000084300000, 0x00000000d5580000)
  object space 68608K, 70% used [0x0000000080000000,0x0000000082ef0280,0x0000000084300000)
 Metaspace       used 51300K, committed 52608K, reserved 1114112K
  class space    used 5592K, committed 6144K, reserved 1048576K
}
Event: 20.104 GC heap after
{Heap after GC invocations=35 (full 2):
 PSYoungGen      total 15872K, used 698K [0x00000000d5580000, 0x00000000d6680000, 0x0000000100000000)
  eden space 13312K, 0% used [0x00000000d5580000,0x00000000d5580000,0x00000000d6280000)
  from space 2560K, 27% used [0x00000000d6280000,0x00000000d632eaf8,0x00000000d6500000)
  to   space 1536K, 0% used [0x00000000d6500000,0x00000000d6500000,0x00000000d6680000)
 ParOldGen       total 68608K, used 48597K [0x0000000080000000, 0x0000000084300000, 0x00000000d5580000)
  object space 68608K, 70% used [0x0000000080000000,0x0000000082f755d8,0x0000000084300000)
 Metaspace       used 51300K, committed 52608K, reserved 1114112K
  class space    used 5592K, committed 6144K, reserved 1048576K
}
Event: 20.604 GC heap before
{Heap before GC invocations=36 (full 2):
 PSYoungGen      total 15872K, used 14010K [0x00000000d5580000, 0x00000000d6680000, 0x0000000100000000)
  eden space 13312K, 100% used [0x00000000d5580000,0x00000000d6280000,0x00000000d6280000)
  from space 2560K, 27% used [0x00000000d6280000,0x00000000d632eaf8,0x00000000d6500000)
  to   space 1536K, 0% used [0x00000000d6500000,0x00000000d6500000,0x00000000d6680000)
 ParOldGen       total 68608K, used 48597K [0x0000000080000000, 0x0000000084300000, 0x00000000d5580000)
  object space 68608K, 70% used [0x0000000080000000,0x0000000082f755d8,0x0000000084300000)
 Metaspace       used 51793K, committed 53056K, reserved 1114112K
  class space    used 5670K, committed 6208K, reserved 1048576K
}
Event: 20.607 GC heap after
{Heap after GC invocations=36 (full 2):
 PSYoungGen      total 13824K, used 365K [0x00000000d5580000, 0x00000000d6580000, 0x0000000100000000)
  eden space 13312K, 0% used [0x00000000d5580000,0x00000000d5580000,0x00000000d6280000)
  from space 512K, 71% used [0x00000000d6500000,0x00000000d655b6f0,0x00000000d6580000)
  to   space 1024K, 0% used [0x00000000d6380000,0x00000000d6380000,0x00000000d6480000)
 ParOldGen       total 68608K, used 49216K [0x0000000080000000, 0x0000000084300000, 0x00000000d5580000)
  object space 68608K, 71% used [0x0000000080000000,0x00000000830101e0,0x0000000084300000)
 Metaspace       used 51793K, committed 53056K, reserved 1114112K
  class space    used 5670K, committed 6208K, reserved 1048576K
}
Event: 21.225 GC heap before
{Heap before GC invocations=37 (full 2):
 PSYoungGen      total 13824K, used 13677K [0x00000000d5580000, 0x00000000d6580000, 0x0000000100000000)
  eden space 13312K, 100% used [0x00000000d5580000,0x00000000d6280000,0x00000000d6280000)
  from space 512K, 71% used [0x00000000d6500000,0x00000000d655b6f0,0x00000000d6580000)
  to   space 1024K, 0% used [0x00000000d6380000,0x00000000d6380000,0x00000000d6480000)
 ParOldGen       total 68608K, used 49216K [0x0000000080000000, 0x0000000084300000, 0x00000000d5580000)
  object space 68608K, 71% used [0x0000000080000000,0x00000000830101e0,0x0000000084300000)
 Metaspace       used 52612K, committed 53952K, reserved 1114112K
  class space    used 5744K, committed 6336K, reserved 1048576K
}
Event: 21.227 GC heap after
{Heap after GC invocations=37 (full 2):
 PSYoungGen      total 14336K, used 192K [0x00000000d5580000, 0x00000000d6580000, 0x0000000100000000)
  eden space 13312K, 0% used [0x00000000d5580000,0x00000000d5580000,0x00000000d6280000)
  from space 1024K, 18% used [0x00000000d6380000,0x00000000d63b0000,0x00000000d6480000)
  to   space 512K, 0% used [0x00000000d6500000,0x00000000d6500000,0x00000000d6580000)
 ParOldGen       total 68608K, used 49360K [0x0000000080000000, 0x0000000084300000, 0x00000000d5580000)
  object space 68608K, 71% used [0x0000000080000000,0x00000000830341e0,0x0000000084300000)
 Metaspace       used 52612K, committed 53952K, reserved 1114112K
  class space    used 5744K, committed 6336K, reserved 1048576K
}
Event: 22.133 GC heap before
{Heap before GC invocations=38 (full 2):
 PSYoungGen      total 14336K, used 13504K [0x00000000d5580000, 0x00000000d6580000, 0x0000000100000000)
  eden space 13312K, 100% used [0x00000000d5580000,0x00000000d6280000,0x00000000d6280000)
  from space 1024K, 18% used [0x00000000d6380000,0x00000000d63b0000,0x00000000d6480000)
  to   space 512K, 0% used [0x00000000d6500000,0x00000000d6500000,0x00000000d6580000)
 ParOldGen       total 68608K, used 49360K [0x0000000080000000, 0x0000000084300000, 0x00000000d5580000)
  object space 68608K, 71% used [0x0000000080000000,0x00000000830341e0,0x0000000084300000)
 Metaspace       used 54270K, committed 55616K, reserved 1114112K
  class space    used 5905K, committed 6528K, reserved 1048576K
}
Event: 22.135 GC heap after
{Heap after GC invocations=38 (full 2):
 PSYoungGen      total 13824K, used 368K [0x00000000d5580000, 0x00000000d6580000, 0x0000000100000000)
  eden space 13312K, 0% used [0x00000000d5580000,0x00000000d5580000,0x00000000d6280000)
  from space 512K, 71% used [0x00000000d6500000,0x00000000d655c010,0x00000000d6580000)
  to   space 512K, 0% used [0x00000000d6480000,0x00000000d6480000,0x00000000d6500000)
 ParOldGen       total 68608K, used 49528K [0x0000000080000000, 0x0000000084300000, 0x00000000d5580000)
  object space 68608K, 72% used [0x0000000080000000,0x000000008305e1e0,0x0000000084300000)
 Metaspace       used 54270K, committed 55616K, reserved 1114112K
  class space    used 5905K, committed 6528K, reserved 1048576K
}
Event: 23.012 GC heap before
{Heap before GC invocations=39 (full 2):
 PSYoungGen      total 13824K, used 13680K [0x00000000d5580000, 0x00000000d6580000, 0x0000000100000000)
  eden space 13312K, 99% used [0x00000000d5580000,0x00000000d627fff0,0x00000000d6280000)
  from space 512K, 71% used [0x00000000d6500000,0x00000000d655c010,0x00000000d6580000)
  to   space 512K, 0% used [0x00000000d6480000,0x00000000d6480000,0x00000000d6500000)
 ParOldGen       total 68608K, used 49528K [0x0000000080000000, 0x0000000084300000, 0x00000000d5580000)
  object space 68608K, 72% used [0x0000000080000000,0x000000008305e1e0,0x0000000084300000)
 Metaspace       used 55591K, committed 56896K, reserved 1114112K
  class space    used 6061K, committed 6656K, reserved 1048576K
}
Event: 23.018 GC heap after
{Heap after GC invocations=39 (full 2):
 PSYoungGen      total 13824K, used 504K [0x00000000d5580000, 0x00000000d6780000, 0x0000000100000000)
  eden space 13312K, 0% used [0x00000000d5580000,0x00000000d5580000,0x00000000d6280000)
  from space 512K, 98% used [0x00000000d6480000,0x00000000d64fe130,0x00000000d6500000)
  to   space 2560K, 0% used [0x00000000d6500000,0x00000000d6500000,0x00000000d6780000)
 ParOldGen       total 68608K, used 51089K [0x0000000080000000, 0x0000000084300000, 0x00000000d5580000)
  object space 68608K, 74% used [0x0000000080000000,0x00000000831e44f0,0x0000000084300000)
 Metaspace       used 55591K, committed 56896K, reserved 1114112K
  class space    used 6061K, committed 6656K, reserved 1048576K
}
Event: 23.466 GC heap before
{Heap before GC invocations=40 (full 2):
 PSYoungGen      total 13824K, used 13816K [0x00000000d5580000, 0x00000000d6780000, 0x0000000100000000)
  eden space 13312K, 100% used [0x00000000d5580000,0x00000000d6280000,0x00000000d6280000)
  from space 512K, 98% used [0x00000000d6480000,0x00000000d64fe130,0x00000000d6500000)
  to   space 2560K, 0% used [0x00000000d6500000,0x00000000d6500000,0x00000000d6780000)
 ParOldGen       total 68608K, used 51089K [0x0000000080000000, 0x0000000084300000, 0x00000000d5580000)
  object space 68608K, 74% used [0x0000000080000000,0x00000000831e44f0,0x0000000084300000)
 Metaspace       used 56297K, committed 57600K, reserved 1114112K
  class space    used 6122K, committed 6720K, reserved 1048576K
}
Event: 23.471 GC heap after
{Heap after GC invocations=40 (full 2):
 PSYoungGen      total 15360K, used 1647K [0x00000000d5580000, 0x00000000d6700000, 0x0000000100000000)
  eden space 13312K, 0% used [0x00000000d5580000,0x00000000d5580000,0x00000000d6280000)
  from space 2048K, 80% used [0x00000000d6500000,0x00000000d669bf30,0x00000000d6700000)
  to   space 2048K, 0% used [0x00000000d6300000,0x00000000d6300000,0x00000000d6500000)
 ParOldGen       total 68608K, used 51535K [0x0000000080000000, 0x0000000084300000, 0x00000000d5580000)
  object space 68608K, 75% used [0x0000000080000000,0x0000000083253d28,0x0000000084300000)
 Metaspace       used 56297K, committed 57600K, reserved 1114112K
  class space    used 6122K, committed 6720K, reserved 1048576K
}

