# JRE version: OpenJDK Runtime Environment Temurin-21.0.8+9 (21.0.8+9) (build 21.0.8+9-LTS)
# Java VM: OpenJDK 64-Bit Server VM Temurin-21.0.8+9 (21.0.8+9-LTS, mixed mode, sharing, tiered, compressed oops, compressed class ptrs, parallel gc, windows-amd64)
GC Precious Log:
 CardTable entry size: 512
 CPUs: 4 total, 4 available
 Memory: 6094M
 Large Page Support: Disabled
 NUMA Support: Disabled
 Compressed Oops: Enabled (32-bit)
 Alignments: Space 512K, Generation 512K, Heap 2M
 Heap Min Capacity: 100M
 Heap Initial Capacity: 100M
 Heap Max Capacity: 2G
 Pre-touch: Disabled
 Parallel Workers: 4
Heap:
 PSYoungGen      total 4608K, used 1301K [0x00000000d5580000, 0x00000000d5b00000, 0x0000000100000000)
  eden space 4096K, 28% used [0x00000000d5580000,0x00000000d56a0550,0x00000000d5980000)
  from space 512K, 29% used [0x00000000d5a00000,0x00000000d5a25200,0x00000000d5a80000)
  to   space 512K, 0% used [0x00000000d5a80000,0x00000000d5a80000,0x00000000d5b00000)
 ParOldGen       total 245760K, used 245450K [0x0000000080000000, 0x000000008f000000, 0x00000000d5580000)
  object space 245760K, 99% used [0x0000000080000000,0x000000008efb29d0,0x000000008f000000)
 Metaspace       used 68125K, committed 69824K, reserved 1114112K
  class space    used 7217K, committed 8000K, reserved 1048576K
GC Heap History (20 events):
Event: 195.902 GC heap before
{Heap before GC invocations=249 (full 3):
 PSYoungGen      total 4608K, used 4250K [0x00000000d5580000, 0x00000000d5b00000, 0x0000000100000000)
  eden space 4096K, 100% used [0x00000000d5580000,0x00000000d5980000,0x00000000d5980000)
  from space 512K, 30% used [0x00000000d5a00000,0x00000000d5a26900,0x00000000d5a80000)
  to   space 512K, 0% used [0x00000000d5a80000,0x00000000d5a80000,0x00000000d5b00000)
 ParOldGen       total 245248K, used 244785K [0x0000000080000000, 0x000000008ef80000, 0x00000000d5580000)
  object space 245248K, 99% used [0x0000000080000000,0x000000008ef0c5d0,0x000000008ef80000)
 Metaspace       used 68062K, committed 69824K, reserved 1114112K
  class space    used 7210K, committed 8000K, reserved 1048576K
}
Event: 195.906 GC heap after
{Heap after GC invocations=249 (full 3):
 PSYoungGen      total 4608K, used 186K [0x00000000d5580000, 0x00000000d5b00000, 0x0000000100000000)
  eden space 4096K, 0% used [0x00000000d5580000,0x00000000d5580000,0x00000000d5980000)
  from space 512K, 36% used [0x00000000d5a80000,0x00000000d5aae900,0x00000000d5b00000)
  to   space 512K, 0% used [0x00000000d5a00000,0x00000000d5a00000,0x00000000d5a80000)
 ParOldGen       total 245248K, used 244801K [0x0000000080000000, 0x000000008ef80000, 0x00000000d5580000)
  object space 245248K, 99% used [0x0000000080000000,0x000000008ef105d0,0x000000008ef80000)
 Metaspace       used 68062K, committed 69824K, reserved 1114112K
  class space    used 7210K, committed 8000K, reserved 1048576K
}
Event: 195.933 GC heap before
{Heap before GC invocations=250 (full 3):
 PSYoungGen      total 4608K, used 4282K [0x00000000d5580000, 0x00000000d5b00000, 0x0000000100000000)
  eden space 4096K, 100% used [0x00000000d5580000,0x00000000d5980000,0x00000000d5980000)
  from space 512K, 36% used [0x00000000d5a80000,0x00000000d5aae900,0x00000000d5b00000)
  to   space 512K, 0% used [0x00000000d5a00000,0x00000000d5a00000,0x00000000d5a80000)
 ParOldGen       total 245248K, used 244801K [0x0000000080000000, 0x000000008ef80000, 0x00000000d5580000)
  object space 245248K, 99% used [0x0000000080000000,0x000000008ef105d0,0x000000008ef80000)
 Metaspace       used 68072K, committed 69824K, reserved 1114112K
  class space    used 7210K, committed 8000K, reserved 1048576K
}
Event: 195.934 GC heap after
{Heap after GC invocations=250 (full 3):
 PSYoungGen      total 4608K, used 250K [0x00000000d5580000, 0x00000000d5b00000, 0x0000000100000000)
  eden space 4096K, 0% used [0x00000000d5580000,0x00000000d5580000,0x00000000d5980000)
  from space 512K, 48% used [0x00000000d5a00000,0x00000000d5a3e900,0x00000000d5a80000)
  to   space 512K, 0% used [0x00000000d5a80000,0x00000000d5a80000,0x00000000d5b00000)
 ParOldGen       total 245248K, used 244817K [0x0000000080000000, 0x000000008ef80000, 0x00000000d5580000)
  object space 245248K, 99% used [0x0000000080000000,0x000000008ef145d0,0x000000008ef80000)
 Metaspace       used 68072K, committed 69824K, reserved 1114112K
  class space    used 7210K, committed 8000K, reserved 1048576K
}
Event: 195.977 GC heap before
{Heap before GC invocations=251 (full 3):
 PSYoungGen      total 4608K, used 3154K [0x00000000d5580000, 0x00000000d5b00000, 0x0000000100000000)
  eden space 4096K, 70% used [0x00000000d5580000,0x00000000d58561a0,0x00000000d5980000)
  from space 512K, 48% used [0x00000000d5a00000,0x00000000d5a3e900,0x00000000d5a80000)
  to   space 512K, 0% used [0x00000000d5a80000,0x00000000d5a80000,0x00000000d5b00000)
 ParOldGen       total 245248K, used 244817K [0x0000000080000000, 0x000000008ef80000, 0x00000000d5580000)
  object space 245248K, 99% used [0x0000000080000000,0x000000008ef145d0,0x000000008ef80000)
 Metaspace       used 68074K, committed 69824K, reserved 1114112K
  class space    used 7210K, committed 8000K, reserved 1048576K
}
Event: 195.978 GC heap after
{Heap after GC invocations=251 (full 3):
 PSYoungGen      total 4608K, used 154K [0x00000000d5580000, 0x00000000d5b00000, 0x0000000100000000)
  eden space 4096K, 0% used [0x00000000d5580000,0x00000000d5580000,0x00000000d5980000)
  from space 512K, 30% used [0x00000000d5a80000,0x00000000d5aa6900,0x00000000d5b00000)
  to   space 512K, 0% used [0x00000000d5a00000,0x00000000d5a00000,0x00000000d5a80000)
 ParOldGen       total 245248K, used 244841K [0x0000000080000000, 0x000000008ef80000, 0x00000000d5580000)
  object space 245248K, 99% used [0x0000000080000000,0x000000008ef1a5d0,0x000000008ef80000)
 Metaspace       used 68074K, committed 69824K, reserved 1114112K
  class space    used 7210K, committed 8000K, reserved 1048576K
}
Event: 196.014 GC heap before
{Heap before GC invocations=252 (full 3):
 PSYoungGen      total 4608K, used 4216K [0x00000000d5580000, 0x00000000d5b00000, 0x0000000100000000)
  eden space 4096K, 99% used [0x00000000d5580000,0x00000000d5977910,0x00000000d5980000)
  from space 512K, 30% used [0x00000000d5a80000,0x00000000d5aa6900,0x00000000d5b00000)
  to   space 512K, 0% used [0x00000000d5a00000,0x00000000d5a00000,0x00000000d5a80000)
 ParOldGen       total 245248K, used 244841K [0x0000000080000000, 0x000000008ef80000, 0x00000000d5580000)
  object space 245248K, 99% used [0x0000000080000000,0x000000008ef1a5d0,0x000000008ef80000)
 Metaspace       used 68077K, committed 69824K, reserved 1114112K
  class space    used 7210K, committed 8000K, reserved 1048576K
}
Event: 196.015 GC heap after
{Heap after GC invocations=252 (full 3):
 PSYoungGen      total 4608K, used 148K [0x00000000d5580000, 0x00000000d5b00000, 0x0000000100000000)
  eden space 4096K, 0% used [0x00000000d5580000,0x00000000d5580000,0x00000000d5980000)
  from space 512K, 29% used [0x00000000d5a00000,0x00000000d5a25200,0x00000000d5a80000)
  to   space 512K, 0% used [0x00000000d5a80000,0x00000000d5a80000,0x00000000d5b00000)
 ParOldGen       total 245248K, used 244865K [0x0000000080000000, 0x000000008ef80000, 0x00000000d5580000)
  object space 245248K, 99% used [0x0000000080000000,0x000000008ef205d0,0x000000008ef80000)
 Metaspace       used 68077K, committed 69824K, reserved 1114112K
  class space    used 7210K, committed 8000K, reserved 1048576K
}
Event: 196.193 GC heap before
{Heap before GC invocations=253 (full 3):
 PSYoungGen      total 4608K, used 3963K [0x00000000d5580000, 0x00000000d5b00000, 0x0000000100000000)
  eden space 4096K, 93% used [0x00000000d5580000,0x00000000d5939b90,0x00000000d5980000)
  from space 512K, 29% used [0x00000000d5a00000,0x00000000d5a25200,0x00000000d5a80000)
  to   space 512K, 0% used [0x00000000d5a80000,0x00000000d5a80000,0x00000000d5b00000)
 ParOldGen       total 245248K, used 244865K [0x0000000080000000, 0x000000008ef80000, 0x00000000d5580000)
  object space 245248K, 99% used [0x0000000080000000,0x000000008ef205d0,0x000000008ef80000)
 Metaspace       used 68077K, committed 69824K, reserved 1114112K
  class space    used 7210K, committed 8000K, reserved 1048576K
}
Event: 196.194 GC heap after
{Heap after GC invocations=253 (full 3):
 PSYoungGen      total 4608K, used 128K [0x00000000d5580000, 0x00000000d5b00000, 0x0000000100000000)
  eden space 4096K, 0% used [0x00000000d5580000,0x00000000d5580000,0x00000000d5980000)
  from space 512K, 25% used [0x00000000d5a80000,0x00000000d5aa0000,0x00000000d5b00000)
  to   space 512K, 0% used [0x00000000d5a00000,0x00000000d5a00000,0x00000000d5a80000)
 ParOldGen       total 245248K, used 244973K [0x0000000080000000, 0x000000008ef80000, 0x00000000d5580000)
  object space 245248K, 99% used [0x0000000080000000,0x000000008ef3b7d0,0x000000008ef80000)
 Metaspace       used 68077K, committed 69824K, reserved 1114112K
  class space    used 7210K, committed 8000K, reserved 1048576K
}
Event: 196.208 GC heap before
{Heap before GC invocations=254 (full 3):
 PSYoungGen      total 4608K, used 4224K [0x00000000d5580000, 0x00000000d5b00000, 0x0000000100000000)
  eden space 4096K, 100% used [0x00000000d5580000,0x00000000d5980000,0x00000000d5980000)
  from space 512K, 25% used [0x00000000d5a80000,0x00000000d5aa0000,0x00000000d5b00000)
  to   space 512K, 0% used [0x00000000d5a00000,0x00000000d5a00000,0x00000000d5a80000)
 ParOldGen       total 245248K, used 244973K [0x0000000080000000, 0x000000008ef80000, 0x00000000d5580000)
  object space 245248K, 99% used [0x0000000080000000,0x000000008ef3b7d0,0x000000008ef80000)
 Metaspace       used 68083K, committed 69824K, reserved 1114112K
  class space    used 7210K, committed 8000K, reserved 1048576K
}
Event: 196.210 GC heap after
{Heap after GC invocations=254 (full 3):
 PSYoungGen      total 4608K, used 352K [0x00000000d5580000, 0x00000000d5b00000, 0x0000000100000000)
  eden space 4096K, 0% used [0x00000000d5580000,0x00000000d5580000,0x00000000d5980000)
  from space 512K, 68% used [0x00000000d5a00000,0x00000000d5a58000,0x00000000d5a80000)
  to   space 512K, 0% used [0x00000000d5a80000,0x00000000d5a80000,0x00000000d5b00000)
 ParOldGen       total 245248K, used 245013K [0x0000000080000000, 0x000000008ef80000, 0x00000000d5580000)
  object space 245248K, 99% used [0x0000000080000000,0x000000008ef457d0,0x000000008ef80000)
 Metaspace       used 68083K, committed 69824K, reserved 1114112K
  class space    used 7210K, committed 8000K, reserved 1048576K
}
Event: 196.221 GC heap before
{Heap before GC invocations=255 (full 3):
 PSYoungGen      total 4608K, used 4253K [0x00000000d5580000, 0x00000000d5b00000, 0x0000000100000000)
  eden space 4096K, 95% used [0x00000000d5580000,0x00000000d594f6f0,0x00000000d5980000)
  from space 512K, 68% used [0x00000000d5a00000,0x00000000d5a58000,0x00000000d5a80000)
  to   space 512K, 0% used [0x00000000d5a80000,0x00000000d5a80000,0x00000000d5b00000)
 ParOldGen       total 245248K, used 245013K [0x0000000080000000, 0x000000008ef80000, 0x00000000d5580000)
  object space 245248K, 99% used [0x0000000080000000,0x000000008ef457d0,0x000000008ef80000)
 Metaspace       used 68091K, committed 69824K, reserved 1114112K
  class space    used 7210K, committed 8000K, reserved 1048576K
}
Event: 196.223 GC heap after
{Heap after GC invocations=255 (full 3):
 PSYoungGen      total 4608K, used 160K [0x00000000d5580000, 0x00000000d5b00000, 0x0000000100000000)
  eden space 4096K, 0% used [0x00000000d5580000,0x00000000d5580000,0x00000000d5980000)
  from space 512K, 31% used [0x00000000d5a80000,0x00000000d5aa8000,0x00000000d5b00000)
  to   space 512K, 0% used [0x00000000d5a00000,0x00000000d5a00000,0x00000000d5a80000)
 ParOldGen       total 245760K, used 245269K [0x0000000080000000, 0x000000008f000000, 0x00000000d5580000)
  object space 245760K, 99% used [0x0000000080000000,0x000000008ef857d0,0x000000008f000000)
 Metaspace       used 68091K, committed 69824K, reserved 1114112K
  class space    used 7210K, committed 8000K, reserved 1048576K
}
Event: 196.367 GC heap before
{Heap before GC invocations=256 (full 3):
 PSYoungGen      total 4608K, used 4256K [0x00000000d5580000, 0x00000000d5b00000, 0x0000000100000000)
  eden space 4096K, 100% used [0x00000000d5580000,0x00000000d5980000,0x00000000d5980000)
  from space 512K, 31% used [0x00000000d5a80000,0x00000000d5aa8000,0x00000000d5b00000)
  to   space 512K, 0% used [0x00000000d5a00000,0x00000000d5a00000,0x00000000d5a80000)
 ParOldGen       total 245760K, used 245269K [0x0000000080000000, 0x000000008f000000, 0x00000000d5580000)
  object space 245760K, 99% used [0x0000000080000000,0x000000008ef857d0,0x000000008f000000)
 Metaspace       used 68091K, committed 69824K, reserved 1114112K
  class space    used 7210K, committed 8000K, reserved 1048576K
}
Event: 196.369 GC heap after
{Heap after GC invocations=256 (full 3):
 PSYoungGen      total 4608K, used 96K [0x00000000d5580000, 0x00000000d5b00000, 0x0000000100000000)
  eden space 4096K, 0% used [0x00000000d5580000,0x00000000d5580000,0x00000000d5980000)
  from space 512K, 18% used [0x00000000d5a00000,0x00000000d5a18000,0x00000000d5a80000)
  to   space 512K, 0% used [0x00000000d5a80000,0x00000000d5a80000,0x00000000d5b00000)
 ParOldGen       total 245760K, used 245341K [0x0000000080000000, 0x000000008f000000, 0x00000000d5580000)
  object space 245760K, 99% used [0x0000000080000000,0x000000008ef977d0,0x000000008f000000)
 Metaspace       used 68091K, committed 69824K, reserved 1114112K
  class space    used 7210K, committed 8000K, reserved 1048576K
}
Event: 196.384 GC heap before
{Heap before GC invocations=257 (full 3):
 PSYoungGen      total 4608K, used 4192K [0x00000000d5580000, 0x00000000d5b00000, 0x0000000100000000)
  eden space 4096K, 100% used [0x00000000d5580000,0x00000000d5980000,0x00000000d5980000)
  from space 512K, 18% used [0x00000000d5a00000,0x00000000d5a18000,0x00000000d5a80000)
  to   space 512K, 0% used [0x00000000d5a80000,0x00000000d5a80000,0x00000000d5b00000)
 ParOldGen       total 245760K, used 245341K [0x0000000080000000, 0x000000008f000000, 0x00000000d5580000)
  object space 245760K, 99% used [0x0000000080000000,0x000000008ef977d0,0x000000008f000000)
 Metaspace       used 68093K, committed 69824K, reserved 1114112K
  class space    used 7210K, committed 8000K, reserved 1048576K
}
Event: 196.386 GC heap after
{Heap after GC invocations=257 (full 3):
 PSYoungGen      total 4608K, used 288K [0x00000000d5580000, 0x00000000d5b00000, 0x0000000100000000)
  eden space 4096K, 0% used [0x00000000d5580000,0x00000000d5580000,0x00000000d5980000)
  from space 512K, 56% used [0x00000000d5a80000,0x00000000d5ac8000,0x00000000d5b00000)
  to   space 512K, 0% used [0x00000000d5a00000,0x00000000d5a00000,0x00000000d5a80000)
 ParOldGen       total 245760K, used 245418K [0x0000000080000000, 0x000000008f000000, 0x00000000d5580000)
  object space 245760K, 99% used [0x0000000080000000,0x000000008efaa9d0,0x000000008f000000)
 Metaspace       used 68093K, committed 69824K, reserved 1114112K
  class space    used 7210K, committed 8000K, reserved 1048576K
}
Event: 196.427 GC heap before
{Heap before GC invocations=258 (full 3):
 PSYoungGen      total 4608K, used 4384K [0x00000000d5580000, 0x00000000d5b00000, 0x0000000100000000)
  eden space 4096K, 100% used [0x00000000d5580000,0x00000000d5980000,0x00000000d5980000)
  from space 512K, 56% used [0x00000000d5a80000,0x00000000d5ac8000,0x00000000d5b00000)
  to   space 512K, 0% used [0x00000000d5a00000,0x00000000d5a00000,0x00000000d5a80000)
 ParOldGen       total 245760K, used 245418K [0x0000000080000000, 0x000000008f000000, 0x00000000d5580000)
  object space 245760K, 99% used [0x0000000080000000,0x000000008efaa9d0,0x000000008f000000)
 Metaspace       used 68125K, committed 69824K, reserved 1114112K
  class space    used 7217K, committed 8000K, reserved 1048576K
}
Event: 196.429 GC heap after
{Heap after GC invocations=258 (full 3):
 PSYoungGen      total 4608K, used 148K [0x00000000d5580000, 0x00000000d5b00000, 0x0000000100000000)
  eden space 4096K, 0% used [0x00000000d5580000,0x00000000d5580000,0x00000000d5980000)
  from space 512K, 29% used [0x00000000d5a00000,0x00000000d5a25200,0x00000000d5a80000)
  to   space 512K, 0% used [0x00000000d5a80000,0x00000000d5a80000,0x00000000d5b00000)
 ParOldGen       total 245760K, used 245450K [0x0000000080000000, 0x000000008f000000, 0x00000000d5580000)
  object space 245760K, 99% used [0x0000000080000000,0x000000008efb29d0,0x000000008f000000)
 Metaspace       used 68125K, committed 69824K, reserved 1114112K
  class space    used 7217K, committed 8000K, reserved 1048576K
}

